{"/Users/harmandev/Desktop/Journey/messaging_app/App.tsx": {"path":"/Users/harmandev/Desktop/Journey/messaging_app/App.tsx","statementMap":{"0":{"start":{"line":28,"column":18},"end":{"line":28,"column":60}},"1":{"start":{"line":30,"column":12},"end":{"line":43,"column":1}},"2":{"start":{"line":31,"column":2},"end":{"line":42,"column":4}},"3":{"start":{"line":38,"column":59},"end":{"line":38,"column":71}}},"fnMap":{"0":{"name":"(anonymous_0)","decl":{"start":{"line":30,"column":12},"end":{"line":30,"column":13}},"loc":{"start":{"line":30,"column":18},"end":{"line":43,"column":1}},"line":30},"1":{"name":"(anonymous_1)","decl":{"start":{"line":38,"column":51},"end":{"line":38,"column":52}},"loc":{"start":{"line":38,"column":57},"end":{"line":38,"column":73}},"line":38}},"branchMap":{},"s":{"0":1,"1":1,"2":1,"3":0},"f":{"0":1,"1":0},"b":{},"_coverageSchema":"1a1c01bbd47fc00a2c39e90264f33305004495a9","hash":"30ba69821af9c44dadc0fc69175a8464f60a0da9"}
,"/Users/harmandev/Desktop/Journey/messaging_app/lib/react-native-gifted-chat/src/Actions.tsx": {"path":"/Users/harmandev/Desktop/Journey/messaging_app/lib/react-native-gifted-chat/src/Actions.tsx","statementMap":{"0":{"start":{"line":49,"column":2},"end":{"line":66,"column":null}},"1":{"start":{"line":50,"column":24},"end":{"line":50,"column":34}},"2":{"start":{"line":51,"column":23},"end":{"line":51,"column":44}},"3":{"start":{"line":52,"column":30},"end":{"line":52,"column":58}},"4":{"start":{"line":53,"column":4},"end":{"line":65,"column":null}},"5":{"start":{"line":60,"column":20},"end":{"line":60,"column":43}},"6":{"start":{"line":61,"column":8},"end":{"line":63,"column":null}},"7":{"start":{"line":62,"column":10},"end":{"line":62,"column":null}},"8":{"start":{"line":69,"column":4},"end":{"line":71,"column":null}},"9":{"start":{"line":70,"column":6},"end":{"line":70,"column":null}},"10":{"start":{"line":72,"column":4},"end":{"line":76,"column":null}},"11":{"start":{"line":80,"column":4},"end":{"line":87,"column":null}},"12":{"start":{"line":26,"column":9},"end":{"line":33,"column":null}},"13":{"start":{"line":35,"column":9},"end":{"line":43,"column":null}},"14":{"start":{"line":45,"column":9},"end":{"line":47,"column":null}},"15":{"start":{"line":91,"column":15},"end":{"line":111,"column":2}}},"fnMap":{"0":{"name":"(anonymous_0)","decl":{"start":{"line":25,"column":0},"end":{"line":25,"column":6}},"loc":{"start":{"line":25,"column":0},"end":{"line":89,"column":1}}},"1":{"name":"(anonymous_1)","decl":{"start":{"line":49,"column":19},"end":{"line":49,"column":22}},"loc":{"start":{"line":49,"column":24},"end":{"line":66,"column":3}}},"2":{"name":"(anonymous_2)","decl":{"start":{"line":59,"column":6},"end":{"line":59,"column":7}},"loc":{"start":{"line":59,"column":30},"end":{"line":64,"column":7}}},"3":{"name":"(anonymous_3)","decl":{"start":{"line":68,"column":2},"end":{"line":68,"column":12}},"loc":{"start":{"line":68,"column":12},"end":{"line":77,"column":3}}},"4":{"name":"(anonymous_4)","decl":{"start":{"line":79,"column":2},"end":{"line":79,"column":8}},"loc":{"start":{"line":79,"column":8},"end":{"line":88,"column":3}}}},"branchMap":{"0":{"loc":{"start":{"line":61,"column":8},"end":{"line":63,"column":null}},"type":"if","locations":[{"start":{"line":61,"column":8},"end":{"line":63,"column":null}}]},"1":{"loc":{"start":{"line":69,"column":4},"end":{"line":71,"column":null}},"type":"if","locations":[{"start":{"line":69,"column":4},"end":{"line":71,"column":null}}]},"2":{"loc":{"start":{"line":83,"column":17},"end":{"line":83,"column":70}},"type":"binary-expr","locations":[{"start":{"line":83,"column":17},"end":{"line":83,"column":47}},{"start":{"line":83,"column":51},"end":{"line":83,"column":70}}]}},"s":{"0":0,"1":0,"2":0,"3":0,"4":0,"5":0,"6":0,"7":0,"8":0,"9":0,"10":0,"11":0,"12":1,"13":1,"14":1,"15":1},"f":{"0":0,"1":0,"2":0,"3":0,"4":0},"b":{"0":[0],"1":[0],"2":[0,0]}}
,"/Users/harmandev/Desktop/Journey/messaging_app/lib/react-native-gifted-chat/src/Avatar.tsx": {"path":"/Users/harmandev/Desktop/Journey/messaging_app/lib/react-native-gifted-chat/src/Avatar.tsx","statementMap":{"0":{"start":{"line":14,"column":15},"end":{"line":43,"column":null}},"1":{"start":{"line":99,"column":4},"end":{"line":102,"column":null}},"2":{"start":{"line":100,"column":47},"end":{"line":100,"column":57}},"3":{"start":{"line":101,"column":6},"end":{"line":101,"column":null}},"4":{"start":{"line":103,"column":4},"end":{"line":125,"column":null}},"5":{"start":{"line":104,"column":6},"end":{"line":124,"column":null}},"6":{"start":{"line":116,"column":12},"end":{"line":117,"column":69}},"7":{"start":{"line":120,"column":12},"end":{"line":121,"column":73}},"8":{"start":{"line":126,"column":4},"end":{"line":126,"column":null}},"9":{"start":{"line":140,"column":8},"end":{"line":140,"column":18}},"10":{"start":{"line":141,"column":29},"end":{"line":141,"column":78}},"11":{"start":{"line":142,"column":26},"end":{"line":142,"column":66}},"12":{"start":{"line":144,"column":4},"end":{"line":146,"column":null}},"13":{"start":{"line":145,"column":6},"end":{"line":145,"column":null}},"14":{"start":{"line":148,"column":4},"end":{"line":172,"column":null}},"15":{"start":{"line":155,"column":6},"end":{"line":171,"column":null}},"16":{"start":{"line":174,"column":4},"end":{"line":184,"column":null}},"17":{"start":{"line":63,"column":9},"end":{"line":76,"column":null}},"18":{"start":{"line":78,"column":9},"end":{"line":96,"column":null}}},"fnMap":{"0":{"name":"(anonymous_0)","decl":{"start":{"line":98,"column":2},"end":{"line":98,"column":14}},"loc":{"start":{"line":98,"column":14},"end":{"line":127,"column":3}}},"1":{"name":"(anonymous_1)","decl":{"start":{"line":115,"column":19},"end":{"line":115,"column":22}},"loc":{"start":{"line":116,"column":12},"end":{"line":117,"column":69}}},"2":{"name":"(anonymous_2)","decl":{"start":{"line":119,"column":23},"end":{"line":119,"column":26}},"loc":{"start":{"line":120,"column":12},"end":{"line":121,"column":73}}},"3":{"name":"(anonymous_3)","decl":{"start":{"line":129,"column":2},"end":{"line":129,"column":8}},"loc":{"start":{"line":129,"column":8},"end":{"line":185,"column":3}}},"4":{"name":"(anonymous_4)","decl":{"start":{"line":74,"column":19},"end":{"line":74,"column":22}},"loc":{"start":{"line":74,"column":24},"end":{"line":74,"column":27}}},"5":{"name":"(anonymous_5)","decl":{"start":{"line":75,"column":23},"end":{"line":75,"column":26}},"loc":{"start":{"line":75,"column":28},"end":{"line":75,"column":31}}}},"branchMap":{"0":{"loc":{"start":{"line":99,"column":4},"end":{"line":102,"column":null}},"type":"if","locations":[{"start":{"line":99,"column":4},"end":{"line":102,"column":null}}]},"1":{"loc":{"start":{"line":103,"column":4},"end":{"line":125,"column":null}},"type":"if","locations":[{"start":{"line":103,"column":4},"end":{"line":125,"column":null}}]},"2":{"loc":{"start":{"line":109,"column":14},"end":{"line":110,"column":58}},"type":"binary-expr","locations":[{"start":{"line":109,"column":14},"end":{"line":109,"column":35}},{"start":{"line":110,"column":16},"end":{"line":110,"column":58}}]},"3":{"loc":{"start":{"line":113,"column":21},"end":{"line":113,"column":69}},"type":"cond-expr","locations":[{"start":{"line":113,"column":44},"end":{"line":113,"column":64}},{"start":{"line":113,"column":67},"end":{"line":113,"column":69}}]},"4":{"loc":{"start":{"line":116,"column":12},"end":{"line":117,"column":69}},"type":"binary-expr","locations":[{"start":{"line":116,"column":12},"end":{"line":116,"column":36}},{"start":{"line":117,"column":12},"end":{"line":117,"column":69}}]},"5":{"loc":{"start":{"line":120,"column":12},"end":{"line":121,"column":73}},"type":"binary-expr","locations":[{"start":{"line":120,"column":12},"end":{"line":120,"column":40}},{"start":{"line":121,"column":12},"end":{"line":121,"column":73}}]},"6":{"loc":{"start":{"line":141,"column":29},"end":{"line":141,"column":78}},"type":"cond-expr","locations":[{"start":{"line":141,"column":49},"end":{"line":141,"column":64}},{"start":{"line":141,"column":67},"end":{"line":141,"column":78}}]},"7":{"loc":{"start":{"line":142,"column":26},"end":{"line":142,"column":66}},"type":"cond-expr","locations":[{"start":{"line":142,"column":46},"end":{"line":142,"column":53}},{"start":{"line":142,"column":56},"end":{"line":142,"column":66}}]},"8":{"loc":{"start":{"line":144,"column":4},"end":{"line":146,"column":null}},"type":"if","locations":[{"start":{"line":144,"column":4},"end":{"line":146,"column":null}}]},"9":{"loc":{"start":{"line":148,"column":4},"end":{"line":172,"column":null}},"type":"if","locations":[{"start":{"line":148,"column":4},"end":{"line":172,"column":null}}]},"10":{"loc":{"start":{"line":149,"column":6},"end":{"line":153,"column":49}},"type":"binary-expr","locations":[{"start":{"line":149,"column":6},"end":{"line":149,"column":32}},{"start":{"line":150,"column":6},"end":{"line":150,"column":20}},{"start":{"line":151,"column":6},"end":{"line":151,"column":22}},{"start":{"line":152,"column":6},"end":{"line":152,"column":50}},{"start":{"line":153,"column":6},"end":{"line":153,"column":49}}]},"11":{"loc":{"start":{"line":159,"column":12},"end":{"line":159,"column":54}},"type":"binary-expr","locations":[{"start":{"line":159,"column":12},"end":{"line":159,"column":26}},{"start":{"line":159,"column":30},"end":{"line":159,"column":54}}]},"12":{"loc":{"start":{"line":166,"column":16},"end":{"line":166,"column":50}},"type":"binary-expr","locations":[{"start":{"line":166,"column":16},"end":{"line":166,"column":26}},{"start":{"line":166,"column":30},"end":{"line":166,"column":50}}]},"13":{"loc":{"start":{"line":179,"column":10},"end":{"line":179,"column":52}},"type":"binary-expr","locations":[{"start":{"line":179,"column":10},"end":{"line":179,"column":24}},{"start":{"line":179,"column":28},"end":{"line":179,"column":52}}]}},"s":{"0":1,"1":0,"2":0,"3":0,"4":0,"5":0,"6":0,"7":0,"8":0,"9":0,"10":0,"11":0,"12":0,"13":0,"14":0,"15":0,"16":0,"17":1,"18":1},"f":{"0":0,"1":0,"2":0,"3":0,"4":0,"5":0},"b":{"0":[0],"1":[0],"2":[0,0],"3":[0,0],"4":[0,0],"5":[0,0],"6":[0,0],"7":[0,0],"8":[0],"9":[0],"10":[0,0,0,0,0],"11":[0,0],"12":[0,0],"13":[0,0]}}
,"/Users/harmandev/Desktop/Journey/messaging_app/lib/react-native-gifted-chat/src/Bubble.tsx": {"path":"/Users/harmandev/Desktop/Journey/messaging_app/lib/react-native-gifted-chat/src/Bubble.tsx","statementMap":{"0":{"start":{"line":35,"column":15},"end":{"line":104,"column":null}},"1":{"start":{"line":106,"column":30},"end":{"line":106,"column":53}},"2":{"start":{"line":249,"column":2},"end":{"line":276,"column":null}},"3":{"start":{"line":250,"column":31},"end":{"line":250,"column":41}},"4":{"start":{"line":251,"column":4},"end":{"line":275,"column":null}},"5":{"start":{"line":252,"column":6},"end":{"line":252,"column":null}},"6":{"start":{"line":253,"column":11},"end":{"line":275,"column":null}},"7":{"start":{"line":254,"column":31},"end":{"line":254,"column":41}},"8":{"start":{"line":256,"column":8},"end":{"line":258,"column":33}},"9":{"start":{"line":259,"column":32},"end":{"line":259,"column":50}},"10":{"start":{"line":260,"column":6},"end":{"line":274,"column":null}},"11":{"start":{"line":266,"column":10},"end":{"line":272,"column":null}},"12":{"start":{"line":268,"column":14},"end":{"line":268,"column":null}},"13":{"start":{"line":269,"column":14},"end":{"line":269,"column":19}},"14":{"start":{"line":271,"column":14},"end":{"line":271,"column":19}},"15":{"start":{"line":284,"column":8},"end":{"line":284,"column":18}},"16":{"start":{"line":285,"column":4},"end":{"line":296,"column":null}},"17":{"start":{"line":292,"column":6},"end":{"line":295,"column":null}},"18":{"start":{"line":297,"column":4},"end":{"line":297,"column":null}},"19":{"start":{"line":306,"column":8},"end":{"line":306,"column":18}},"20":{"start":{"line":307,"column":4},"end":{"line":318,"column":null}},"21":{"start":{"line":314,"column":6},"end":{"line":317,"column":null}},"22":{"start":{"line":319,"column":4},"end":{"line":319,"column":null}},"23":{"start":{"line":329,"column":8},"end":{"line":329,"column":18}},"24":{"start":{"line":330,"column":4},"end":{"line":346,"column":null}},"25":{"start":{"line":331,"column":67},"end":{"line":331,"column":77}},"26":{"start":{"line":332,"column":6},"end":{"line":334,"column":null}},"27":{"start":{"line":333,"column":8},"end":{"line":333,"column":null}},"28":{"start":{"line":335,"column":6},"end":{"line":345,"column":null}},"29":{"start":{"line":347,"column":4},"end":{"line":347,"column":null}},"30":{"start":{"line":351,"column":4},"end":{"line":362,"column":null}},"31":{"start":{"line":357,"column":10},"end":{"line":357,"column":20}},"32":{"start":{"line":358,"column":6},"end":{"line":360,"column":null}},"33":{"start":{"line":359,"column":8},"end":{"line":359,"column":null}},"34":{"start":{"line":361,"column":6},"end":{"line":361,"column":null}},"35":{"start":{"line":363,"column":4},"end":{"line":363,"column":null}},"36":{"start":{"line":367,"column":4},"end":{"line":373,"column":null}},"37":{"start":{"line":368,"column":69},"end":{"line":368,"column":79}},"38":{"start":{"line":369,"column":6},"end":{"line":371,"column":null}},"39":{"start":{"line":370,"column":8},"end":{"line":370,"column":null}},"40":{"start":{"line":372,"column":6},"end":{"line":372,"column":null}},"41":{"start":{"line":374,"column":4},"end":{"line":374,"column":null}},"42":{"start":{"line":378,"column":4},"end":{"line":384,"column":null}},"43":{"start":{"line":379,"column":69},"end":{"line":379,"column":79}},"44":{"start":{"line":380,"column":6},"end":{"line":382,"column":null}},"45":{"start":{"line":381,"column":8},"end":{"line":381,"column":null}},"46":{"start":{"line":383,"column":6},"end":{"line":383,"column":null}},"47":{"start":{"line":385,"column":4},"end":{"line":385,"column":null}},"48":{"start":{"line":389,"column":4},"end":{"line":395,"column":null}},"49":{"start":{"line":390,"column":69},"end":{"line":390,"column":79}},"50":{"start":{"line":391,"column":6},"end":{"line":393,"column":null}},"51":{"start":{"line":392,"column":8},"end":{"line":392,"column":null}},"52":{"start":{"line":394,"column":6},"end":{"line":394,"column":null}},"53":{"start":{"line":396,"column":4},"end":{"line":396,"column":null}},"54":{"start":{"line":400,"column":50},"end":{"line":400,"column":60}},"55":{"start":{"line":401,"column":4},"end":{"line":403,"column":null}},"56":{"start":{"line":402,"column":6},"end":{"line":402,"column":null}},"57":{"start":{"line":404,"column":4},"end":{"line":411,"column":null}},"58":{"start":{"line":410,"column":6},"end":{"line":410,"column":null}},"59":{"start":{"line":412,"column":4},"end":{"line":429,"column":null}},"60":{"start":{"line":416,"column":6},"end":{"line":428,"column":null}},"61":{"start":{"line":430,"column":4},"end":{"line":430,"column":null}},"62":{"start":{"line":434,"column":4},"end":{"line":445,"column":null}},"63":{"start":{"line":440,"column":10},"end":{"line":440,"column":20}},"64":{"start":{"line":441,"column":6},"end":{"line":443,"column":null}},"65":{"start":{"line":442,"column":8},"end":{"line":442,"column":null}},"66":{"start":{"line":444,"column":6},"end":{"line":444,"column":null}},"67":{"start":{"line":446,"column":4},"end":{"line":446,"column":null}},"68":{"start":{"line":450,"column":37},"end":{"line":450,"column":47}},"69":{"start":{"line":451,"column":4},"end":{"line":466,"column":null}},"70":{"start":{"line":452,"column":6},"end":{"line":454,"column":null}},"71":{"start":{"line":453,"column":8},"end":{"line":453,"column":null}},"72":{"start":{"line":455,"column":6},"end":{"line":465,"column":null}},"73":{"start":{"line":467,"column":4},"end":{"line":467,"column":null}},"74":{"start":{"line":471,"column":4},"end":{"line":473,"column":null}},"75":{"start":{"line":472,"column":6},"end":{"line":472,"column":null}},"76":{"start":{"line":474,"column":4},"end":{"line":474,"column":null}},"77":{"start":{"line":478,"column":4},"end":{"line":494,"column":null}},"78":{"start":{"line":503,"column":8},"end":{"line":503,"column":18}},"79":{"start":{"line":504,"column":4},"end":{"line":541,"column":null}},"80":{"start":{"line":169,"column":9},"end":{"line":171,"column":null}},"81":{"start":{"line":173,"column":9},"end":{"line":202,"column":null}},"82":{"start":{"line":204,"column":9},"end":{"line":247,"column":null}}},"fnMap":{"0":{"name":"(anonymous_0)","decl":{"start":{"line":166,"column":0},"end":{"line":166,"column":6}},"loc":{"start":{"line":166,"column":0},"end":{"line":543,"column":1}}},"1":{"name":"(anonymous_1)","decl":{"start":{"line":249,"column":16},"end":{"line":249,"column":19}},"loc":{"start":{"line":249,"column":21},"end":{"line":276,"column":3}}},"2":{"name":"(anonymous_2)","decl":{"start":{"line":265,"column":8},"end":{"line":265,"column":9}},"loc":{"start":{"line":265,"column":32},"end":{"line":273,"column":9}}},"3":{"name":"(anonymous_3)","decl":{"start":{"line":278,"column":2},"end":{"line":278,"column":20}},"loc":{"start":{"line":278,"column":20},"end":{"line":298,"column":3}}},"4":{"name":"(anonymous_4)","decl":{"start":{"line":300,"column":2},"end":{"line":300,"column":24}},"loc":{"start":{"line":300,"column":24},"end":{"line":320,"column":3}}},"5":{"name":"(anonymous_5)","decl":{"start":{"line":322,"column":2},"end":{"line":322,"column":20}},"loc":{"start":{"line":322,"column":20},"end":{"line":348,"column":3}}},"6":{"name":"(anonymous_6)","decl":{"start":{"line":350,"column":2},"end":{"line":350,"column":19}},"loc":{"start":{"line":350,"column":19},"end":{"line":364,"column":3}}},"7":{"name":"(anonymous_7)","decl":{"start":{"line":366,"column":2},"end":{"line":366,"column":20}},"loc":{"start":{"line":366,"column":20},"end":{"line":375,"column":3}}},"8":{"name":"(anonymous_8)","decl":{"start":{"line":377,"column":2},"end":{"line":377,"column":20}},"loc":{"start":{"line":377,"column":20},"end":{"line":386,"column":3}}},"9":{"name":"(anonymous_9)","decl":{"start":{"line":388,"column":2},"end":{"line":388,"column":20}},"loc":{"start":{"line":388,"column":20},"end":{"line":397,"column":3}}},"10":{"name":"(anonymous_10)","decl":{"start":{"line":399,"column":2},"end":{"line":399,"column":13}},"loc":{"start":{"line":399,"column":13},"end":{"line":431,"column":3}}},"11":{"name":"(anonymous_11)","decl":{"start":{"line":433,"column":2},"end":{"line":433,"column":12}},"loc":{"start":{"line":433,"column":12},"end":{"line":447,"column":3}}},"12":{"name":"(anonymous_12)","decl":{"start":{"line":449,"column":2},"end":{"line":449,"column":16}},"loc":{"start":{"line":449,"column":16},"end":{"line":468,"column":3}}},"13":{"name":"(anonymous_13)","decl":{"start":{"line":470,"column":2},"end":{"line":470,"column":18}},"loc":{"start":{"line":470,"column":18},"end":{"line":475,"column":3}}},"14":{"name":"(anonymous_14)","decl":{"start":{"line":477,"column":2},"end":{"line":477,"column":21}},"loc":{"start":{"line":477,"column":21},"end":{"line":495,"column":3}}},"15":{"name":"(anonymous_15)","decl":{"start":{"line":497,"column":2},"end":{"line":497,"column":8}},"loc":{"start":{"line":497,"column":8},"end":{"line":542,"column":3}}}},"branchMap":{"0":{"loc":{"start":{"line":251,"column":4},"end":{"line":275,"column":null}},"type":"if","locations":[{"start":{"line":251,"column":4},"end":{"line":275,"column":null}},{"start":{"line":253,"column":11},"end":{"line":275,"column":null}}]},"1":{"loc":{"start":{"line":253,"column":11},"end":{"line":275,"column":null}},"type":"if","locations":[{"start":{"line":253,"column":11},"end":{"line":275,"column":null}}]},"2":{"loc":{"start":{"line":253,"column":15},"end":{"line":253,"column":52}},"type":"binary-expr","locations":[{"start":{"line":253,"column":15},"end":{"line":253,"column":29}},{"start":{"line":253,"column":33},"end":{"line":253,"column":52}}]},"3":{"loc":{"start":{"line":256,"column":8},"end":{"line":258,"column":33}},"type":"cond-expr","locations":[{"start":{"line":257,"column":12},"end":{"line":257,"column":36}},{"start":{"line":258,"column":12},"end":{"line":258,"column":33}}]},"4":{"loc":{"start":{"line":256,"column":8},"end":{"line":256,"column":47}},"type":"binary-expr","locations":[{"start":{"line":256,"column":8},"end":{"line":256,"column":20}},{"start":{"line":256,"column":24},"end":{"line":256,"column":47}}]},"5":{"loc":{"start":{"line":266,"column":10},"end":{"line":272,"column":null}},"type":"switch","locations":[{"start":{"line":267,"column":12},"end":{"line":269,"column":19}},{"start":{"line":270,"column":12},"end":{"line":271,"column":19}}]},"6":{"loc":{"start":{"line":285,"column":4},"end":{"line":296,"column":null}},"type":"if","locations":[{"start":{"line":285,"column":4},"end":{"line":296,"column":null}}]},"7":{"loc":{"start":{"line":286,"column":6},"end":{"line":290,"column":44}},"type":"binary-expr","locations":[{"start":{"line":286,"column":6},"end":{"line":286,"column":20}},{"start":{"line":287,"column":6},"end":{"line":287,"column":17}},{"start":{"line":288,"column":6},"end":{"line":288,"column":14}},{"start":{"line":289,"column":6},"end":{"line":289,"column":45}},{"start":{"line":290,"column":6},"end":{"line":290,"column":44}}]},"8":{"loc":{"start":{"line":294,"column":8},"end":{"line":294,"column":62}},"type":"binary-expr","locations":[{"start":{"line":294,"column":8},"end":{"line":294,"column":28}},{"start":{"line":294,"column":32},"end":{"line":294,"column":62}}]},"9":{"loc":{"start":{"line":307,"column":4},"end":{"line":318,"column":null}},"type":"if","locations":[{"start":{"line":307,"column":4},"end":{"line":318,"column":null}}]},"10":{"loc":{"start":{"line":308,"column":6},"end":{"line":312,"column":48}},"type":"binary-expr","locations":[{"start":{"line":308,"column":6},"end":{"line":308,"column":20}},{"start":{"line":309,"column":6},"end":{"line":309,"column":21}},{"start":{"line":310,"column":6},"end":{"line":310,"column":14}},{"start":{"line":311,"column":6},"end":{"line":311,"column":49}},{"start":{"line":312,"column":6},"end":{"line":312,"column":48}}]},"11":{"loc":{"start":{"line":316,"column":8},"end":{"line":316,"column":70}},"type":"binary-expr","locations":[{"start":{"line":316,"column":8},"end":{"line":316,"column":32}},{"start":{"line":316,"column":36},"end":{"line":316,"column":70}}]},"12":{"loc":{"start":{"line":330,"column":4},"end":{"line":346,"column":null}},"type":"if","locations":[{"start":{"line":330,"column":4},"end":{"line":346,"column":null}}]},"13":{"loc":{"start":{"line":330,"column":8},"end":{"line":330,"column":53}},"type":"binary-expr","locations":[{"start":{"line":330,"column":8},"end":{"line":330,"column":22}},{"start":{"line":330,"column":26},"end":{"line":330,"column":53}}]},"14":{"loc":{"start":{"line":332,"column":6},"end":{"line":334,"column":null}},"type":"if","locations":[{"start":{"line":332,"column":6},"end":{"line":334,"column":null}}]},"15":{"loc":{"start":{"line":351,"column":4},"end":{"line":362,"column":null}},"type":"if","locations":[{"start":{"line":351,"column":4},"end":{"line":362,"column":null}}]},"16":{"loc":{"start":{"line":351,"column":8},"end":{"line":351,"column":67}},"type":"binary-expr","locations":[{"start":{"line":351,"column":8},"end":{"line":351,"column":33}},{"start":{"line":351,"column":37},"end":{"line":351,"column":67}}]},"17":{"loc":{"start":{"line":358,"column":6},"end":{"line":360,"column":null}},"type":"if","locations":[{"start":{"line":358,"column":6},"end":{"line":360,"column":null}}]},"18":{"loc":{"start":{"line":367,"column":4},"end":{"line":373,"column":null}},"type":"if","locations":[{"start":{"line":367,"column":4},"end":{"line":373,"column":null}}]},"19":{"loc":{"start":{"line":367,"column":8},"end":{"line":367,"column":68}},"type":"binary-expr","locations":[{"start":{"line":367,"column":8},"end":{"line":367,"column":33}},{"start":{"line":367,"column":37},"end":{"line":367,"column":68}}]},"20":{"loc":{"start":{"line":369,"column":6},"end":{"line":371,"column":null}},"type":"if","locations":[{"start":{"line":369,"column":6},"end":{"line":371,"column":null}}]},"21":{"loc":{"start":{"line":378,"column":4},"end":{"line":384,"column":null}},"type":"if","locations":[{"start":{"line":378,"column":4},"end":{"line":384,"column":null}}]},"22":{"loc":{"start":{"line":378,"column":8},"end":{"line":378,"column":68}},"type":"binary-expr","locations":[{"start":{"line":378,"column":8},"end":{"line":378,"column":33}},{"start":{"line":378,"column":37},"end":{"line":378,"column":68}}]},"23":{"loc":{"start":{"line":380,"column":6},"end":{"line":382,"column":null}},"type":"if","locations":[{"start":{"line":380,"column":6},"end":{"line":382,"column":null}}]},"24":{"loc":{"start":{"line":389,"column":4},"end":{"line":395,"column":null}},"type":"if","locations":[{"start":{"line":389,"column":4},"end":{"line":395,"column":null}}]},"25":{"loc":{"start":{"line":389,"column":8},"end":{"line":389,"column":68}},"type":"binary-expr","locations":[{"start":{"line":389,"column":8},"end":{"line":389,"column":33}},{"start":{"line":389,"column":37},"end":{"line":389,"column":68}}]},"26":{"loc":{"start":{"line":391,"column":6},"end":{"line":393,"column":null}},"type":"if","locations":[{"start":{"line":391,"column":6},"end":{"line":393,"column":null}}]},"27":{"loc":{"start":{"line":401,"column":4},"end":{"line":403,"column":null}},"type":"if","locations":[{"start":{"line":401,"column":4},"end":{"line":403,"column":null}}]},"28":{"loc":{"start":{"line":401,"column":8},"end":{"line":401,"column":37}},"type":"binary-expr","locations":[{"start":{"line":401,"column":8},"end":{"line":401,"column":19}},{"start":{"line":401,"column":23},"end":{"line":401,"column":37}}]},"29":{"loc":{"start":{"line":404,"column":4},"end":{"line":411,"column":null}},"type":"if","locations":[{"start":{"line":404,"column":4},"end":{"line":411,"column":null}}]},"30":{"loc":{"start":{"line":405,"column":6},"end":{"line":408,"column":42}},"type":"binary-expr","locations":[{"start":{"line":405,"column":6},"end":{"line":405,"column":20}},{"start":{"line":406,"column":6},"end":{"line":406,"column":10}},{"start":{"line":407,"column":6},"end":{"line":407,"column":25}},{"start":{"line":408,"column":6},"end":{"line":408,"column":42}}]},"31":{"loc":{"start":{"line":412,"column":4},"end":{"line":429,"column":null}},"type":"if","locations":[{"start":{"line":412,"column":4},"end":{"line":429,"column":null}}]},"32":{"loc":{"start":{"line":413,"column":6},"end":{"line":414,"column":80}},"type":"binary-expr","locations":[{"start":{"line":413,"column":6},"end":{"line":413,"column":20}},{"start":{"line":414,"column":7},"end":{"line":414,"column":26}},{"start":{"line":414,"column":30},"end":{"line":414,"column":53}},{"start":{"line":414,"column":57},"end":{"line":414,"column":79}}]},"33":{"loc":{"start":{"line":418,"column":11},"end":{"line":419,"column":null}},"type":"binary-expr","locations":[{"start":{"line":418,"column":11},"end":{"line":418,"column":32}},{"start":{"line":419,"column":12},"end":{"line":419,"column":78}}]},"34":{"loc":{"start":{"line":421,"column":11},"end":{"line":422,"column":null}},"type":"binary-expr","locations":[{"start":{"line":421,"column":11},"end":{"line":421,"column":36}},{"start":{"line":422,"column":12},"end":{"line":422,"column":78}}]},"35":{"loc":{"start":{"line":424,"column":11},"end":{"line":425,"column":null}},"type":"binary-expr","locations":[{"start":{"line":424,"column":11},"end":{"line":424,"column":35}},{"start":{"line":425,"column":12},"end":{"line":425,"column":79}}]},"36":{"loc":{"start":{"line":434,"column":4},"end":{"line":445,"column":null}},"type":"if","locations":[{"start":{"line":434,"column":4},"end":{"line":445,"column":null}}]},"37":{"loc":{"start":{"line":434,"column":8},"end":{"line":434,"column":72}},"type":"binary-expr","locations":[{"start":{"line":434,"column":8},"end":{"line":434,"column":33}},{"start":{"line":434,"column":37},"end":{"line":434,"column":72}}]},"38":{"loc":{"start":{"line":441,"column":6},"end":{"line":443,"column":null}},"type":"if","locations":[{"start":{"line":441,"column":6},"end":{"line":443,"column":null}}]},"39":{"loc":{"start":{"line":451,"column":4},"end":{"line":466,"column":null}},"type":"if","locations":[{"start":{"line":451,"column":4},"end":{"line":466,"column":null}}]},"40":{"loc":{"start":{"line":451,"column":8},"end":{"line":451,"column":60}},"type":"binary-expr","locations":[{"start":{"line":451,"column":8},"end":{"line":451,"column":42}},{"start":{"line":451,"column":46},"end":{"line":451,"column":60}}]},"41":{"loc":{"start":{"line":452,"column":6},"end":{"line":454,"column":null}},"type":"if","locations":[{"start":{"line":452,"column":6},"end":{"line":454,"column":null}}]},"42":{"loc":{"start":{"line":452,"column":10},"end":{"line":452,"column":54}},"type":"binary-expr","locations":[{"start":{"line":452,"column":10},"end":{"line":452,"column":14}},{"start":{"line":452,"column":18},"end":{"line":452,"column":54}}]},"43":{"loc":{"start":{"line":471,"column":4},"end":{"line":473,"column":null}},"type":"if","locations":[{"start":{"line":471,"column":4},"end":{"line":473,"column":null}}]},"44":{"loc":{"start":{"line":478,"column":11},"end":{"line":493,"column":null}},"type":"cond-expr","locations":[{"start":{"line":479,"column":6},"end":{"line":485,"column":13}},{"start":{"line":487,"column":6},"end":{"line":493,"column":13}}]},"45":{"loc":{"start":{"line":508,"column":10},"end":{"line":508,"column":52}},"type":"binary-expr","locations":[{"start":{"line":508,"column":10},"end":{"line":508,"column":24}},{"start":{"line":508,"column":28},"end":{"line":508,"column":52}}]},"46":{"loc":{"start":{"line":516,"column":12},"end":{"line":516,"column":50}},"type":"binary-expr","locations":[{"start":{"line":516,"column":12},"end":{"line":516,"column":24}},{"start":{"line":516,"column":28},"end":{"line":516,"column":50}}]},"47":{"loc":{"start":{"line":529,"column":18},"end":{"line":529,"column":72}},"type":"binary-expr","locations":[{"start":{"line":529,"column":18},"end":{"line":529,"column":38}},{"start":{"line":529,"column":42},"end":{"line":529,"column":72}}]}},"s":{"0":1,"1":1,"2":0,"3":0,"4":0,"5":0,"6":0,"7":0,"8":0,"9":0,"10":0,"11":0,"12":0,"13":0,"14":0,"15":0,"16":0,"17":0,"18":0,"19":0,"20":0,"21":0,"22":0,"23":0,"24":0,"25":0,"26":0,"27":0,"28":0,"29":0,"30":0,"31":0,"32":0,"33":0,"34":0,"35":0,"36":0,"37":0,"38":0,"39":0,"40":0,"41":0,"42":0,"43":0,"44":0,"45":0,"46":0,"47":0,"48":0,"49":0,"50":0,"51":0,"52":0,"53":0,"54":0,"55":0,"56":0,"57":0,"58":0,"59":0,"60":0,"61":0,"62":0,"63":0,"64":0,"65":0,"66":0,"67":0,"68":0,"69":0,"70":0,"71":0,"72":0,"73":0,"74":0,"75":0,"76":0,"77":0,"78":0,"79":0,"80":1,"81":1,"82":1},"f":{"0":0,"1":0,"2":0,"3":0,"4":0,"5":0,"6":0,"7":0,"8":0,"9":0,"10":0,"11":0,"12":0,"13":0,"14":0,"15":0},"b":{"0":[0,0],"1":[0],"2":[0,0],"3":[0,0],"4":[0,0],"5":[0,0],"6":[0],"7":[0,0,0,0,0],"8":[0,0],"9":[0],"10":[0,0,0,0,0],"11":[0,0],"12":[0],"13":[0,0],"14":[0],"15":[0],"16":[0,0],"17":[0],"18":[0],"19":[0,0],"20":[0],"21":[0],"22":[0,0],"23":[0],"24":[0],"25":[0,0],"26":[0],"27":[0],"28":[0,0],"29":[0],"30":[0,0,0,0],"31":[0],"32":[0,0,0,0],"33":[0,0],"34":[0,0],"35":[0,0],"36":[0],"37":[0,0],"38":[0],"39":[0],"40":[0,0],"41":[0],"42":[0,0],"43":[0],"44":[0,0],"45":[0,0],"46":[0,0],"47":[0,0]}}
,"/Users/harmandev/Desktop/Journey/messaging_app/lib/react-native-gifted-chat/src/Composer.tsx": {"path":"/Users/harmandev/Desktop/Journey/messaging_app/lib/react-native-gifted-chat/src/Composer.tsx","statementMap":{"0":{"start":{"line":8,"column":15},"end":{"line":31,"column":2}},"1":{"start":{"line":79,"column":2},"end":{"line":79,"column":null}},"2":{"start":{"line":81,"column":2},"end":{"line":98,"column":null}},"3":{"start":{"line":82,"column":28},"end":{"line":82,"column":41}},"4":{"start":{"line":85,"column":4},"end":{"line":87,"column":null}},"5":{"start":{"line":86,"column":6},"end":{"line":86,"column":12}},"6":{"start":{"line":89,"column":4},"end":{"line":97,"column":null}},"7":{"start":{"line":95,"column":6},"end":{"line":95,"column":null}},"8":{"start":{"line":96,"column":6},"end":{"line":96,"column":null}},"9":{"start":{"line":100,"column":2},"end":{"line":102,"column":null}},"10":{"start":{"line":101,"column":4},"end":{"line":101,"column":null}},"11":{"start":{"line":105,"column":4},"end":{"line":138,"column":null}},"12":{"start":{"line":49,"column":9},"end":{"line":62,"column":null}},"13":{"start":{"line":64,"column":9},"end":{"line":77,"column":null}}},"fnMap":{"0":{"name":"(anonymous_0)","decl":{"start":{"line":48,"column":0},"end":{"line":48,"column":6}},"loc":{"start":{"line":48,"column":0},"end":{"line":140,"column":1}}},"1":{"name":"(anonymous_1)","decl":{"start":{"line":81,"column":24},"end":{"line":81,"column":25}},"loc":{"start":{"line":81,"column":35},"end":{"line":98,"column":3}}},"2":{"name":"(anonymous_2)","decl":{"start":{"line":100,"column":17},"end":{"line":100,"column":18}},"loc":{"start":{"line":100,"column":34},"end":{"line":102,"column":3}}},"3":{"name":"(anonymous_3)","decl":{"start":{"line":104,"column":2},"end":{"line":104,"column":8}},"loc":{"start":{"line":104,"column":8},"end":{"line":139,"column":3}}},"4":{"name":"(anonymous_4)","decl":{"start":{"line":60,"column":19},"end":{"line":60,"column":22}},"loc":{"start":{"line":60,"column":24},"end":{"line":60,"column":27}}},"5":{"name":"(anonymous_5)","decl":{"start":{"line":61,"column":24},"end":{"line":61,"column":27}},"loc":{"start":{"line":61,"column":29},"end":{"line":61,"column":32}}}},"branchMap":{"0":{"loc":{"start":{"line":85,"column":4},"end":{"line":87,"column":null}},"type":"if","locations":[{"start":{"line":85,"column":4},"end":{"line":87,"column":null}}]},"1":{"loc":{"start":{"line":89,"column":4},"end":{"line":97,"column":null}},"type":"if","locations":[{"start":{"line":89,"column":4},"end":{"line":97,"column":null}}]},"2":{"loc":{"start":{"line":90,"column":6},"end":{"line":93,"column":58}},"type":"binary-expr","locations":[{"start":{"line":90,"column":6},"end":{"line":90,"column":23}},{"start":{"line":91,"column":7},"end":{"line":91,"column":23}},{"start":{"line":92,"column":9},"end":{"line":92,"column":53}},{"start":{"line":93,"column":10},"end":{"line":93,"column":56}}]}},"s":{"0":1,"1":0,"2":0,"3":0,"4":0,"5":0,"6":0,"7":0,"8":0,"9":0,"10":0,"11":0,"12":1,"13":1},"f":{"0":0,"1":0,"2":0,"3":0,"4":0,"5":0},"b":{"0":[0],"1":[0],"2":[0,0,0,0]}}
,"/Users/harmandev/Desktop/Journey/messaging_app/lib/react-native-gifted-chat/src/Constant.ts": {"path":"/Users/harmandev/Desktop/Journey/messaging_app/lib/react-native-gifted-chat/src/Constant.ts","statementMap":{"0":{"start":{"line":3,"column":35},"end":{"line":7,"column":2}},"1":{"start":{"line":8,"column":35},"end":{"line":8,"column":38}},"2":{"start":{"line":9,"column":35},"end":{"line":9,"column":54}},"3":{"start":{"line":10,"column":27},"end":{"line":10,"column":31}},"4":{"start":{"line":11,"column":27},"end":{"line":11,"column":31}}},"fnMap":{},"branchMap":{},"s":{"0":1,"1":1,"2":1,"3":1,"4":1},"f":{},"b":{}}
,"/Users/harmandev/Desktop/Journey/messaging_app/lib/react-native-gifted-chat/src/Day.tsx": {"path":"/Users/harmandev/Desktop/Journey/messaging_app/lib/react-native-gifted-chat/src/Day.tsx","statementMap":{"0":{"start":{"line":19,"column":15},"end":{"line":32,"column":2}},"1":{"start":{"line":83,"column":8},"end":{"line":83,"column":18}},"2":{"start":{"line":85,"column":4},"end":{"line":97,"column":null}},"3":{"start":{"line":86,"column":6},"end":{"line":96,"column":null}},"4":{"start":{"line":98,"column":4},"end":{"line":98,"column":null}},"5":{"start":{"line":48,"column":9},"end":{"line":50,"column":null}},"6":{"start":{"line":52,"column":9},"end":{"line":62,"column":null}},"7":{"start":{"line":64,"column":9},"end":{"line":73,"column":null}}},"fnMap":{"0":{"name":"(anonymous_0)","decl":{"start":{"line":75,"column":2},"end":{"line":75,"column":8}},"loc":{"start":{"line":75,"column":8},"end":{"line":99,"column":3}}}},"branchMap":{"0":{"loc":{"start":{"line":85,"column":4},"end":{"line":97,"column":null}},"type":"if","locations":[{"start":{"line":85,"column":4},"end":{"line":97,"column":null}}]},"1":{"loc":{"start":{"line":85,"column":8},"end":{"line":85,"column":70}},"type":"binary-expr","locations":[{"start":{"line":85,"column":8},"end":{"line":85,"column":22}},{"start":{"line":85,"column":26},"end":{"line":85,"column":70}}]}},"s":{"0":1,"1":0,"2":0,"3":0,"4":0,"5":1,"6":1,"7":1},"f":{"0":0},"b":{"0":[0],"1":[0,0]}}
,"/Users/harmandev/Desktop/Journey/messaging_app/lib/react-native-gifted-chat/src/GiftedAvatar.tsx": {"path":"/Users/harmandev/Desktop/Journey/messaging_app/lib/react-native-gifted-chat/src/GiftedAvatar.tsx","statementMap":{"0":{"start":{"line":25,"column":4},"end":{"line":25,"column":9}},"1":{"start":{"line":27,"column":15},"end":{"line":44,"column":2}},"2":{"start":{"line":74,"column":2},"end":{"line":74,"column":null}},"3":{"start":{"line":75,"column":2},"end":{"line":75,"column":null}},"4":{"start":{"line":140,"column":2},"end":{"line":145,"column":null}},"5":{"start":{"line":141,"column":34},"end":{"line":141,"column":44}},"6":{"start":{"line":142,"column":4},"end":{"line":144,"column":null}},"7":{"start":{"line":143,"column":6},"end":{"line":143,"column":null}},"8":{"start":{"line":147,"column":2},"end":{"line":147,"column":null}},"9":{"start":{"line":78,"column":21},"end":{"line":78,"column":68}},"10":{"start":{"line":79,"column":17},"end":{"line":79,"column":50}},"11":{"start":{"line":80,"column":4},"end":{"line":86,"column":null}},"12":{"start":{"line":81,"column":6},"end":{"line":81,"column":null}},"13":{"start":{"line":82,"column":11},"end":{"line":86,"column":null}},"14":{"start":{"line":83,"column":6},"end":{"line":83,"column":null}},"15":{"start":{"line":85,"column":6},"end":{"line":85,"column":null}},"16":{"start":{"line":88,"column":19},"end":{"line":88,"column":20}},"17":{"start":{"line":89,"column":4},"end":{"line":91,"column":null}},"18":{"start":{"line":89,"column":17},"end":{"line":89,"column":18}},"19":{"start":{"line":90,"column":6},"end":{"line":90,"column":null}},"20":{"start":{"line":95,"column":19},"end":{"line":103,"column":null}},"21":{"start":{"line":105,"column":4},"end":{"line":105,"column":null}},"22":{"start":{"line":109,"column":21},"end":{"line":109,"column":31}},"23":{"start":{"line":110,"column":4},"end":{"line":128,"column":null}},"24":{"start":{"line":111,"column":6},"end":{"line":127,"column":null}},"25":{"start":{"line":112,"column":8},"end":{"line":112,"column":null}},"26":{"start":{"line":113,"column":13},"end":{"line":127,"column":null}},"27":{"start":{"line":114,"column":8},"end":{"line":119,"column":null}},"28":{"start":{"line":120,"column":13},"end":{"line":127,"column":null}},"29":{"start":{"line":121,"column":8},"end":{"line":126,"column":null}},"30":{"start":{"line":129,"column":4},"end":{"line":129,"column":null}},"31":{"start":{"line":133,"column":4},"end":{"line":137,"column":null}},"32":{"start":{"line":150,"column":4},"end":{"line":165,"column":null}},"33":{"start":{"line":155,"column":6},"end":{"line":164,"column":null}},"34":{"start":{"line":166,"column":4},"end":{"line":177,"column":null}},"35":{"start":{"line":167,"column":6},"end":{"line":176,"column":null}},"36":{"start":{"line":179,"column":4},"end":{"line":179,"column":null}},"37":{"start":{"line":181,"column":4},"end":{"line":195,"column":null}},"38":{"start":{"line":55,"column":9},"end":{"line":64,"column":null}},"39":{"start":{"line":66,"column":9},"end":{"line":72,"column":null}}},"fnMap":{"0":{"name":"(anonymous_0)","decl":{"start":{"line":54,"column":0},"end":{"line":54,"column":6}},"loc":{"start":{"line":54,"column":0},"end":{"line":197,"column":1}}},"1":{"name":"(anonymous_1)","decl":{"start":{"line":140,"column":18},"end":{"line":140,"column":21}},"loc":{"start":{"line":140,"column":23},"end":{"line":145,"column":3}}},"2":{"name":"(anonymous_2)","decl":{"start":{"line":147,"column":22},"end":{"line":147,"column":25}},"loc":{"start":{"line":147,"column":27},"end":{"line":147,"column":30}}},"3":{"name":"(anonymous_3)","decl":{"start":{"line":77,"column":2},"end":{"line":77,"column":16}},"loc":{"start":{"line":77,"column":16},"end":{"line":106,"column":3}}},"4":{"name":"(anonymous_4)","decl":{"start":{"line":108,"column":2},"end":{"line":108,"column":14}},"loc":{"start":{"line":108,"column":14},"end":{"line":130,"column":3}}},"5":{"name":"(anonymous_5)","decl":{"start":{"line":132,"column":2},"end":{"line":132,"column":16}},"loc":{"start":{"line":132,"column":16},"end":{"line":138,"column":3}}},"6":{"name":"(anonymous_6)","decl":{"start":{"line":149,"column":2},"end":{"line":149,"column":8}},"loc":{"start":{"line":149,"column":8},"end":{"line":196,"column":3}}}},"branchMap":{"0":{"loc":{"start":{"line":142,"column":4},"end":{"line":144,"column":null}},"type":"if","locations":[{"start":{"line":142,"column":4},"end":{"line":144,"column":null}}]},"1":{"loc":{"start":{"line":78,"column":21},"end":{"line":78,"column":68}},"type":"binary-expr","locations":[{"start":{"line":78,"column":22},"end":{"line":78,"column":37}},{"start":{"line":78,"column":41},"end":{"line":78,"column":61}},{"start":{"line":78,"column":66},"end":{"line":78,"column":68}}]},"2":{"loc":{"start":{"line":80,"column":4},"end":{"line":86,"column":null}},"type":"if","locations":[{"start":{"line":80,"column":4},"end":{"line":86,"column":null}},{"start":{"line":82,"column":11},"end":{"line":86,"column":null}}]},"3":{"loc":{"start":{"line":82,"column":11},"end":{"line":86,"column":null}},"type":"if","locations":[{"start":{"line":82,"column":11},"end":{"line":86,"column":null}},{"start":{"line":84,"column":11},"end":{"line":86,"column":null}}]},"4":{"loc":{"start":{"line":110,"column":4},"end":{"line":128,"column":null}},"type":"if","locations":[{"start":{"line":110,"column":4},"end":{"line":128,"column":null}}]},"5":{"loc":{"start":{"line":111,"column":6},"end":{"line":127,"column":null}},"type":"if","locations":[{"start":{"line":111,"column":6},"end":{"line":127,"column":null}},{"start":{"line":113,"column":13},"end":{"line":127,"column":null}}]},"6":{"loc":{"start":{"line":113,"column":13},"end":{"line":127,"column":null}},"type":"if","locations":[{"start":{"line":113,"column":13},"end":{"line":127,"column":null}},{"start":{"line":120,"column":13},"end":{"line":127,"column":null}}]},"7":{"loc":{"start":{"line":120,"column":13},"end":{"line":127,"column":null}},"type":"if","locations":[{"start":{"line":120,"column":13},"end":{"line":127,"column":null}}]},"8":{"loc":{"start":{"line":150,"column":4},"end":{"line":165,"column":null}},"type":"if","locations":[{"start":{"line":150,"column":4},"end":{"line":165,"column":null}}]},"9":{"loc":{"start":{"line":151,"column":6},"end":{"line":152,"column":56}},"type":"binary-expr","locations":[{"start":{"line":151,"column":6},"end":{"line":151,"column":22}},{"start":{"line":152,"column":7},"end":{"line":152,"column":28}},{"start":{"line":152,"column":32},"end":{"line":152,"column":55}}]},"10":{"loc":{"start":{"line":166,"column":4},"end":{"line":177,"column":null}},"type":"if","locations":[{"start":{"line":166,"column":4},"end":{"line":177,"column":null}}]}},"s":{"0":1,"1":1,"2":0,"3":0,"4":0,"5":0,"6":0,"7":0,"8":0,"9":0,"10":0,"11":0,"12":0,"13":0,"14":0,"15":0,"16":0,"17":0,"18":0,"19":0,"20":0,"21":0,"22":0,"23":0,"24":0,"25":0,"26":0,"27":0,"28":0,"29":0,"30":0,"31":0,"32":0,"33":0,"34":0,"35":0,"36":0,"37":0,"38":1,"39":1},"f":{"0":0,"1":0,"2":0,"3":0,"4":0,"5":0,"6":0},"b":{"0":[0],"1":[0,0,0],"2":[0,0],"3":[0,0],"4":[0],"5":[0,0],"6":[0,0],"7":[0],"8":[0],"9":[0,0,0],"10":[0]}}
,"/Users/harmandev/Desktop/Journey/messaging_app/lib/react-native-gifted-chat/src/GiftedChat.tsx": {"path":"/Users/harmandev/Desktop/Journey/messaging_app/lib/react-native-gifted-chat/src/GiftedChat.tsx","statementMap":{"0":{"start":{"line":51,"column":0},"end":{"line":51,"column":null}},"1":{"start":{"line":406,"column":4},"end":{"line":406,"column":null}},"2":{"start":{"line":385,"column":2},"end":{"line":385,"column":null}},"3":{"start":{"line":386,"column":2},"end":{"line":386,"column":null}},"4":{"start":{"line":387,"column":2},"end":{"line":387,"column":null}},"5":{"start":{"line":388,"column":2},"end":{"line":388,"column":null}},"6":{"start":{"line":389,"column":2},"end":{"line":389,"column":null}},"7":{"start":{"line":390,"column":2},"end":{"line":390,"column":null}},"8":{"start":{"line":391,"column":2},"end":{"line":391,"column":null}},"9":{"start":{"line":392,"column":2},"end":{"line":392,"column":null}},"10":{"start":{"line":393,"column":2},"end":{"line":393,"column":null}},"11":{"start":{"line":396,"column":2},"end":{"line":403,"column":null}},"12":{"start":{"line":471,"column":2},"end":{"line":471,"column":null}},"13":{"start":{"line":471,"column":20},"end":{"line":471,"column":32}},"14":{"start":{"line":586,"column":2},"end":{"line":592,"column":null}},"15":{"start":{"line":587,"column":4},"end":{"line":591,"column":null}},"16":{"start":{"line":594,"column":2},"end":{"line":606,"column":null}},"17":{"start":{"line":595,"column":4},"end":{"line":605,"column":null}},"18":{"start":{"line":596,"column":6},"end":{"line":596,"column":null}},"19":{"start":{"line":597,"column":6},"end":{"line":599,"column":null}},"20":{"start":{"line":600,"column":6},"end":{"line":600,"column":null}},"21":{"start":{"line":601,"column":41},"end":{"line":601,"column":86}},"22":{"start":{"line":602,"column":6},"end":{"line":604,"column":null}},"23":{"start":{"line":608,"column":2},"end":{"line":618,"column":null}},"24":{"start":{"line":609,"column":4},"end":{"line":617,"column":null}},"25":{"start":{"line":610,"column":6},"end":{"line":610,"column":null}},"26":{"start":{"line":611,"column":6},"end":{"line":611,"column":null}},"27":{"start":{"line":612,"column":6},"end":{"line":612,"column":null}},"28":{"start":{"line":613,"column":41},"end":{"line":613,"column":79}},"29":{"start":{"line":614,"column":6},"end":{"line":616,"column":null}},"30":{"start":{"line":620,"column":2},"end":{"line":625,"column":null}},"31":{"start":{"line":621,"column":4},"end":{"line":623,"column":null}},"32":{"start":{"line":622,"column":6},"end":{"line":622,"column":null}},"33":{"start":{"line":624,"column":4},"end":{"line":624,"column":null}},"34":{"start":{"line":627,"column":2},"end":{"line":632,"column":null}},"35":{"start":{"line":628,"column":4},"end":{"line":630,"column":null}},"36":{"start":{"line":629,"column":6},"end":{"line":629,"column":null}},"37":{"start":{"line":631,"column":4},"end":{"line":631,"column":null}},"38":{"start":{"line":677,"column":2},"end":{"line":705,"column":null}},"39":{"start":{"line":678,"column":4},"end":{"line":680,"column":null}},"40":{"start":{"line":679,"column":6},"end":{"line":679,"column":null}},"41":{"start":{"line":681,"column":36},"end":{"line":688,"column":6}},"42":{"start":{"line":682,"column":6},"end":{"line":687,"column":null}},"43":{"start":{"line":690,"column":4},"end":{"line":693,"column":null}},"44":{"start":{"line":691,"column":6},"end":{"line":691,"column":null}},"45":{"start":{"line":692,"column":6},"end":{"line":692,"column":null}},"46":{"start":{"line":694,"column":4},"end":{"line":696,"column":null}},"47":{"start":{"line":695,"column":6},"end":{"line":695,"column":null}},"48":{"start":{"line":698,"column":4},"end":{"line":704,"column":null}},"49":{"start":{"line":699,"column":6},"end":{"line":703,"column":null}},"50":{"start":{"line":700,"column":8},"end":{"line":702,"column":null}},"51":{"start":{"line":701,"column":10},"end":{"line":701,"column":null}},"52":{"start":{"line":729,"column":2},"end":{"line":741,"column":null}},"53":{"start":{"line":730,"column":30},"end":{"line":732,"column":null}},"54":{"start":{"line":734,"column":39},"end":{"line":735,"column":null}},"55":{"start":{"line":737,"column":4},"end":{"line":740,"column":null}},"56":{"start":{"line":743,"column":2},"end":{"line":754,"column":null}},"57":{"start":{"line":744,"column":4},"end":{"line":746,"column":null}},"58":{"start":{"line":745,"column":6},"end":{"line":745,"column":12}},"59":{"start":{"line":747,"column":4},"end":{"line":749,"column":null}},"60":{"start":{"line":748,"column":6},"end":{"line":748,"column":null}},"61":{"start":{"line":751,"column":4},"end":{"line":753,"column":null}},"62":{"start":{"line":752,"column":6},"end":{"line":752,"column":null}},"63":{"start":{"line":762,"column":2},"end":{"line":780,"column":null}},"64":{"start":{"line":763,"column":23},"end":{"line":763,"column":36}},"65":{"start":{"line":764,"column":4},"end":{"line":766,"column":null}},"66":{"start":{"line":765,"column":6},"end":{"line":765,"column":12}},"67":{"start":{"line":767,"column":4},"end":{"line":767,"column":null}},"68":{"start":{"line":768,"column":4},"end":{"line":768,"column":null}},"69":{"start":{"line":769,"column":30},"end":{"line":769,"column":58}},"70":{"start":{"line":770,"column":39},"end":{"line":771,"column":null}},"71":{"start":{"line":773,"column":24},"end":{"line":773,"column":52}},"72":{"start":{"line":774,"column":4},"end":{"line":779,"column":null}},"73":{"start":{"line":782,"column":2},"end":{"line":800,"column":null}},"74":{"start":{"line":784,"column":23},"end":{"line":784,"column":36}},"75":{"start":{"line":785,"column":4},"end":{"line":796,"column":null}},"76":{"start":{"line":789,"column":6},"end":{"line":789,"column":null}},"77":{"start":{"line":790,"column":6},"end":{"line":795,"column":null}},"78":{"start":{"line":797,"column":4},"end":{"line":799,"column":null}},"79":{"start":{"line":798,"column":6},"end":{"line":798,"column":null}},"80":{"start":{"line":408,"column":4},"end":{"line":415,"column":null}},"81":{"start":{"line":364,"column":4},"end":{"line":366,"column":null}},"82":{"start":{"line":365,"column":6},"end":{"line":365,"column":null}},"83":{"start":{"line":367,"column":4},"end":{"line":369,"column":null}},"84":{"start":{"line":377,"column":4},"end":{"line":379,"column":null}},"85":{"start":{"line":378,"column":6},"end":{"line":378,"column":null}},"86":{"start":{"line":380,"column":4},"end":{"line":382,"column":null}},"87":{"start":{"line":419,"column":4},"end":{"line":423,"column":null}},"88":{"start":{"line":421,"column":41},"end":{"line":421,"column":74}},"89":{"start":{"line":427,"column":31},"end":{"line":427,"column":41}},"90":{"start":{"line":428,"column":4},"end":{"line":428,"column":null}},"91":{"start":{"line":429,"column":4},"end":{"line":429,"column":null}},"92":{"start":{"line":430,"column":4},"end":{"line":430,"column":null}},"93":{"start":{"line":431,"column":4},"end":{"line":431,"column":null}},"94":{"start":{"line":435,"column":4},"end":{"line":435,"column":null}},"95":{"start":{"line":439,"column":41},"end":{"line":439,"column":51}},"96":{"start":{"line":441,"column":4},"end":{"line":443,"column":null}},"97":{"start":{"line":442,"column":6},"end":{"line":442,"column":null}},"98":{"start":{"line":445,"column":4},"end":{"line":452,"column":null}},"99":{"start":{"line":451,"column":6},"end":{"line":451,"column":null}},"100":{"start":{"line":451,"column":23},"end":{"line":451,"column":49}},"101":{"start":{"line":454,"column":4},"end":{"line":456,"column":null}},"102":{"start":{"line":455,"column":6},"end":{"line":455,"column":null}},"103":{"start":{"line":460,"column":4},"end":{"line":464,"column":null}},"104":{"start":{"line":461,"column":6},"end":{"line":461,"column":null}},"105":{"start":{"line":463,"column":6},"end":{"line":463,"column":null}},"106":{"start":{"line":468,"column":4},"end":{"line":468,"column":null}},"107":{"start":{"line":475,"column":4},"end":{"line":477,"column":null}},"108":{"start":{"line":476,"column":6},"end":{"line":476,"column":null}},"109":{"start":{"line":481,"column":4},"end":{"line":483,"column":null}},"110":{"start":{"line":482,"column":6},"end":{"line":482,"column":null}},"111":{"start":{"line":484,"column":4},"end":{"line":484,"column":null}},"112":{"start":{"line":488,"column":4},"end":{"line":488,"column":null}},"113":{"start":{"line":492,"column":4},"end":{"line":492,"column":null}},"114":{"start":{"line":496,"column":4},"end":{"line":496,"column":null}},"115":{"start":{"line":500,"column":4},"end":{"line":500,"column":null}},"116":{"start":{"line":504,"column":4},"end":{"line":504,"column":null}},"117":{"start":{"line":508,"column":4},"end":{"line":513,"column":null}},"118":{"start":{"line":512,"column":6},"end":{"line":512,"column":null}},"119":{"start":{"line":514,"column":4},"end":{"line":514,"column":null}},"120":{"start":{"line":518,"column":4},"end":{"line":518,"column":null}},"121":{"start":{"line":522,"column":4},"end":{"line":522,"column":null}},"122":{"start":{"line":526,"column":4},"end":{"line":526,"column":null}},"123":{"start":{"line":530,"column":4},"end":{"line":530,"column":null}},"124":{"start":{"line":534,"column":4},"end":{"line":536,"column":null}},"125":{"start":{"line":540,"column":4},"end":{"line":540,"column":null}},"126":{"start":{"line":544,"column":4},"end":{"line":544,"column":null}},"127":{"start":{"line":548,"column":4},"end":{"line":548,"column":null}},"128":{"start":{"line":552,"column":4},"end":{"line":554,"column":null}},"129":{"start":{"line":558,"column":4},"end":{"line":561,"column":null}},"130":{"start":{"line":568,"column":4},"end":{"line":570,"column":null}},"131":{"start":{"line":579,"column":4},"end":{"line":583,"column":null}},"132":{"start":{"line":635,"column":4},"end":{"line":645,"column":null}},"133":{"start":{"line":636,"column":27},"end":{"line":636,"column":37}},"134":{"start":{"line":637,"column":6},"end":{"line":644,"column":null}},"135":{"start":{"line":638,"column":8},"end":{"line":638,"column":null}},"136":{"start":{"line":640,"column":8},"end":{"line":643,"column":null}},"137":{"start":{"line":649,"column":66},"end":{"line":649,"column":76}},"138":{"start":{"line":651,"column":6},"end":{"line":667,"column":13}},"139":{"start":{"line":670,"column":4},"end":{"line":674,"column":null}},"140":{"start":{"line":708,"column":4},"end":{"line":710,"column":null}},"141":{"start":{"line":709,"column":6},"end":{"line":709,"column":null}},"142":{"start":{"line":711,"column":4},"end":{"line":711,"column":null}},"143":{"start":{"line":712,"column":30},"end":{"line":712,"column":58}},"144":{"start":{"line":713,"column":39},"end":{"line":714,"column":null}},"145":{"start":{"line":716,"column":4},"end":{"line":720,"column":null}},"146":{"start":{"line":724,"column":4},"end":{"line":726,"column":null}},"147":{"start":{"line":725,"column":6},"end":{"line":725,"column":null}},"148":{"start":{"line":757,"column":4},"end":{"line":759,"column":null}},"149":{"start":{"line":758,"column":6},"end":{"line":758,"column":null}},"150":{"start":{"line":803,"column":30},"end":{"line":818,"column":null}},"151":{"start":{"line":815,"column":34},"end":{"line":815,"column":60}},"152":{"start":{"line":819,"column":4},"end":{"line":821,"column":null}},"153":{"start":{"line":820,"column":6},"end":{"line":820,"column":null}},"154":{"start":{"line":822,"column":4},"end":{"line":822,"column":null}},"155":{"start":{"line":826,"column":4},"end":{"line":828,"column":null}},"156":{"start":{"line":827,"column":6},"end":{"line":827,"column":null}},"157":{"start":{"line":829,"column":4},"end":{"line":829,"column":null}},"158":{"start":{"line":833,"column":4},"end":{"line":835,"column":null}},"159":{"start":{"line":834,"column":6},"end":{"line":834,"column":null}},"160":{"start":{"line":836,"column":4},"end":{"line":836,"column":null}},"161":{"start":{"line":840,"column":4},"end":{"line":856,"column":null}},"162":{"start":{"line":841,"column":33},"end":{"line":841,"column":43}},"163":{"start":{"line":842,"column":22},"end":{"line":842,"column":58}},"164":{"start":{"line":844,"column":6},"end":{"line":855,"column":null}},"165":{"start":{"line":847,"column":38},"end":{"line":847,"column":70}},"166":{"start":{"line":857,"column":4},"end":{"line":861,"column":null}},"167":{"start":{"line":222,"column":9},"end":{"line":225,"column":null}},"168":{"start":{"line":227,"column":9},"end":{"line":292,"column":null}},"169":{"start":{"line":233,"column":30},"end":{"line":233,"column":39}},"170":{"start":{"line":294,"column":9},"end":{"line":357,"column":null}},"171":{"start":{"line":865,"column":15},"end":{"line":872,"column":2}}},"fnMap":{"0":{"name":"(anonymous_0)","decl":{"start":{"line":405,"column":2},"end":{"line":405,"column":14}},"loc":{"start":{"line":405,"column":46},"end":{"line":416,"column":3}}},"1":{"name":"(anonymous_1)","decl":{"start":{"line":471,"column":14},"end":{"line":471,"column":17}},"loc":{"start":{"line":471,"column":20},"end":{"line":471,"column":32}}},"2":{"name":"(anonymous_2)","decl":{"start":{"line":586,"column":20},"end":{"line":586,"column":21}},"loc":{"start":{"line":586,"column":45},"end":{"line":592,"column":3}}},"3":{"name":"(anonymous_3)","decl":{"start":{"line":594,"column":23},"end":{"line":594,"column":24}},"loc":{"start":{"line":594,"column":34},"end":{"line":606,"column":3}}},"4":{"name":"(anonymous_4)","decl":{"start":{"line":608,"column":23},"end":{"line":608,"column":24}},"loc":{"start":{"line":608,"column":35},"end":{"line":618,"column":3}}},"5":{"name":"(anonymous_5)","decl":{"start":{"line":620,"column":22},"end":{"line":620,"column":23}},"loc":{"start":{"line":620,"column":33},"end":{"line":625,"column":3}}},"6":{"name":"(anonymous_6)","decl":{"start":{"line":627,"column":22},"end":{"line":627,"column":23}},"loc":{"start":{"line":627,"column":33},"end":{"line":632,"column":3}}},"7":{"name":"(anonymous_7)","decl":{"start":{"line":677,"column":11},"end":{"line":677,"column":12}},"loc":{"start":{"line":677,"column":74},"end":{"line":705,"column":3}}},"8":{"name":"(anonymous_8)","decl":{"start":{"line":681,"column":49},"end":{"line":681,"column":56}},"loc":{"start":{"line":681,"column":59},"end":{"line":688,"column":5}}},"9":{"name":"(anonymous_9)","decl":{"start":{"line":699,"column":17},"end":{"line":699,"column":20}},"loc":{"start":{"line":699,"column":22},"end":{"line":703,"column":7}}},"10":{"name":"(anonymous_10)","decl":{"start":{"line":729,"column":23},"end":{"line":729,"column":24}},"loc":{"start":{"line":729,"column":52},"end":{"line":741,"column":3}}},"11":{"name":"(anonymous_11)","decl":{"start":{"line":743,"column":23},"end":{"line":743,"column":24}},"loc":{"start":{"line":743,"column":40},"end":{"line":754,"column":3}}},"12":{"name":"(anonymous_12)","decl":{"start":{"line":762,"column":30},"end":{"line":762,"column":31}},"loc":{"start":{"line":762,"column":41},"end":{"line":780,"column":3}}},"13":{"name":"(anonymous_13)","decl":{"start":{"line":782,"column":21},"end":{"line":782,"column":22}},"loc":{"start":{"line":782,"column":32},"end":{"line":800,"column":3}}},"14":{"name":"(anonymous_14)","decl":{"start":{"line":359,"column":2},"end":{"line":359,"column":8}},"loc":{"start":{"line":362,"column":19},"end":{"line":370,"column":3}}},"15":{"name":"(anonymous_15)","decl":{"start":{"line":372,"column":2},"end":{"line":372,"column":8}},"loc":{"start":{"line":375,"column":19},"end":{"line":383,"column":3}}},"16":{"name":"(anonymous_16)","decl":{"start":{"line":418,"column":2},"end":{"line":418,"column":17}},"loc":{"start":{"line":418,"column":17},"end":{"line":424,"column":3}}},"17":{"name":"(anonymous_17)","decl":{"start":{"line":421,"column":35},"end":{"line":421,"column":38}},"loc":{"start":{"line":421,"column":41},"end":{"line":421,"column":74}}},"18":{"name":"(anonymous_18)","decl":{"start":{"line":426,"column":2},"end":{"line":426,"column":19}},"loc":{"start":{"line":426,"column":19},"end":{"line":432,"column":3}}},"19":{"name":"(anonymous_19)","decl":{"start":{"line":434,"column":2},"end":{"line":434,"column":22}},"loc":{"start":{"line":434,"column":22},"end":{"line":436,"column":3}}},"20":{"name":"(anonymous_20)","decl":{"start":{"line":438,"column":2},"end":{"line":438,"column":20}},"loc":{"start":{"line":438,"column":62},"end":{"line":457,"column":3}}},"21":{"name":"(anonymous_21)","decl":{"start":{"line":451,"column":17},"end":{"line":451,"column":20}},"loc":{"start":{"line":451,"column":23},"end":{"line":451,"column":49}}},"22":{"name":"(anonymous_22)","decl":{"start":{"line":459,"column":2},"end":{"line":459,"column":12}},"loc":{"start":{"line":459,"column":12},"end":{"line":465,"column":3}}},"23":{"name":"(anonymous_23)","decl":{"start":{"line":467,"column":2},"end":{"line":467,"column":11}},"loc":{"start":{"line":467,"column":26},"end":{"line":469,"column":3}}},"24":{"name":"(anonymous_24)","decl":{"start":{"line":473,"column":2},"end":{"line":473,"column":17}},"loc":{"start":{"line":473,"column":35},"end":{"line":478,"column":3}}},"25":{"name":"(anonymous_25)","decl":{"start":{"line":480,"column":2},"end":{"line":480,"column":17}},"loc":{"start":{"line":480,"column":34},"end":{"line":485,"column":3}}},"26":{"name":"(anonymous_26)","decl":{"start":{"line":487,"column":2},"end":{"line":487,"column":13}},"loc":{"start":{"line":487,"column":34},"end":{"line":489,"column":3}}},"27":{"name":"(anonymous_27)","decl":{"start":{"line":491,"column":2},"end":{"line":491,"column":13}},"loc":{"start":{"line":491,"column":13},"end":{"line":493,"column":3}}},"28":{"name":"(anonymous_28)","decl":{"start":{"line":495,"column":2},"end":{"line":495,"column":14}},"loc":{"start":{"line":495,"column":29},"end":{"line":497,"column":3}}},"29":{"name":"(anonymous_29)","decl":{"start":{"line":499,"column":2},"end":{"line":499,"column":14}},"loc":{"start":{"line":499,"column":14},"end":{"line":501,"column":3}}},"30":{"name":"(anonymous_30)","decl":{"start":{"line":503,"column":2},"end":{"line":503,"column":19}},"loc":{"start":{"line":503,"column":34},"end":{"line":505,"column":3}}},"31":{"name":"(anonymous_31)","decl":{"start":{"line":507,"column":2},"end":{"line":507,"column":19}},"loc":{"start":{"line":507,"column":19},"end":{"line":515,"column":3}}},"32":{"name":"(anonymous_32)","decl":{"start":{"line":517,"column":2},"end":{"line":517,"column":17}},"loc":{"start":{"line":517,"column":31},"end":{"line":519,"column":3}}},"33":{"name":"(anonymous_33)","decl":{"start":{"line":521,"column":2},"end":{"line":521,"column":17}},"loc":{"start":{"line":521,"column":17},"end":{"line":523,"column":3}}},"34":{"name":"(anonymous_34)","decl":{"start":{"line":525,"column":2},"end":{"line":525,"column":18}},"loc":{"start":{"line":525,"column":33},"end":{"line":527,"column":3}}},"35":{"name":"(anonymous_35)","decl":{"start":{"line":529,"column":2},"end":{"line":529,"column":18}},"loc":{"start":{"line":529,"column":18},"end":{"line":531,"column":3}}},"36":{"name":"(anonymous_36)","decl":{"start":{"line":533,"column":2},"end":{"line":533,"column":21}},"loc":{"start":{"line":533,"column":36},"end":{"line":537,"column":3}}},"37":{"name":"(anonymous_37)","decl":{"start":{"line":539,"column":2},"end":{"line":539,"column":21}},"loc":{"start":{"line":539,"column":21},"end":{"line":541,"column":3}}},"38":{"name":"(anonymous_38)","decl":{"start":{"line":543,"column":2},"end":{"line":543,"column":14}},"loc":{"start":{"line":543,"column":29},"end":{"line":545,"column":3}}},"39":{"name":"(anonymous_39)","decl":{"start":{"line":547,"column":2},"end":{"line":547,"column":14}},"loc":{"start":{"line":547,"column":14},"end":{"line":549,"column":3}}},"40":{"name":"(anonymous_40)","decl":{"start":{"line":551,"column":2},"end":{"line":551,"column":26}},"loc":{"start":{"line":551,"column":26},"end":{"line":555,"column":3}}},"41":{"name":"(anonymous_41)","decl":{"start":{"line":557,"column":2},"end":{"line":557,"column":29}},"loc":{"start":{"line":557,"column":52},"end":{"line":562,"column":3}}},"42":{"name":"(anonymous_42)","decl":{"start":{"line":567,"column":2},"end":{"line":567,"column":33}},"loc":{"start":{"line":567,"column":76},"end":{"line":571,"column":3}}},"43":{"name":"(anonymous_43)","decl":{"start":{"line":576,"column":2},"end":{"line":576,"column":40}},"loc":{"start":{"line":577,"column":46},"end":{"line":584,"column":3}}},"44":{"name":"(anonymous_44)","decl":{"start":{"line":634,"column":2},"end":{"line":634,"column":16}},"loc":{"start":{"line":634,"column":32},"end":{"line":646,"column":3}}},"45":{"name":"(anonymous_45)","decl":{"start":{"line":648,"column":2},"end":{"line":648,"column":16}},"loc":{"start":{"line":648,"column":16},"end":{"line":675,"column":3}}},"46":{"name":"(anonymous_46)","decl":{"start":{"line":707,"column":2},"end":{"line":707,"column":19}},"loc":{"start":{"line":707,"column":19},"end":{"line":721,"column":3}}},"47":{"name":"(anonymous_47)","decl":{"start":{"line":723,"column":2},"end":{"line":723,"column":16}},"loc":{"start":{"line":723,"column":16},"end":{"line":727,"column":3}}},"48":{"name":"(anonymous_48)","decl":{"start":{"line":756,"column":2},"end":{"line":756,"column":22}},"loc":{"start":{"line":756,"column":22},"end":{"line":760,"column":3}}},"49":{"name":"(anonymous_49)","decl":{"start":{"line":802,"column":2},"end":{"line":802,"column":20}},"loc":{"start":{"line":802,"column":20},"end":{"line":823,"column":3}}},"50":{"name":"(anonymous_50)","decl":{"start":{"line":815,"column":13},"end":{"line":815,"column":14}},"loc":{"start":{"line":815,"column":34},"end":{"line":815,"column":60}}},"51":{"name":"(anonymous_51)","decl":{"start":{"line":825,"column":2},"end":{"line":825,"column":18}},"loc":{"start":{"line":825,"column":18},"end":{"line":830,"column":3}}},"52":{"name":"(anonymous_52)","decl":{"start":{"line":832,"column":2},"end":{"line":832,"column":15}},"loc":{"start":{"line":832,"column":15},"end":{"line":837,"column":3}}},"53":{"name":"(anonymous_53)","decl":{"start":{"line":839,"column":2},"end":{"line":839,"column":8}},"loc":{"start":{"line":839,"column":8},"end":{"line":862,"column":3}}},"54":{"name":"(anonymous_54)","decl":{"start":{"line":847,"column":17},"end":{"line":847,"column":18}},"loc":{"start":{"line":847,"column":38},"end":{"line":847,"column":70}}},"55":{"name":"(anonymous_55)","decl":{"start":{"line":233,"column":24},"end":{"line":233,"column":27}},"loc":{"start":{"line":233,"column":30},"end":{"line":233,"column":39}}},"56":{"name":"(anonymous_56)","decl":{"start":{"line":235,"column":12},"end":{"line":235,"column":15}},"loc":{"start":{"line":235,"column":17},"end":{"line":235,"column":20}}},"57":{"name":"(anonymous_57)","decl":{"start":{"line":240,"column":19},"end":{"line":240,"column":22}},"loc":{"start":{"line":240,"column":24},"end":{"line":240,"column":27}}}},"branchMap":{"0":{"loc":{"start":{"line":587,"column":11},"end":{"line":591,"column":20}},"type":"cond-expr","locations":[{"start":{"line":588,"column":8},"end":{"line":590,"column":26}},{"start":{"line":591,"column":8},"end":{"line":591,"column":20}}]},"1":{"loc":{"start":{"line":588,"column":8},"end":{"line":590,"column":26}},"type":"cond-expr","locations":[{"start":{"line":589,"column":10},"end":{"line":589,"column":32}},{"start":{"line":590,"column":10},"end":{"line":590,"column":26}}]},"2":{"loc":{"start":{"line":595,"column":4},"end":{"line":605,"column":null}},"type":"if","locations":[{"start":{"line":595,"column":4},"end":{"line":605,"column":null}}]},"3":{"loc":{"start":{"line":598,"column":8},"end":{"line":598,"column":65}},"type":"cond-expr","locations":[{"start":{"line":598,"column":27},"end":{"line":598,"column":50}},{"start":{"line":598,"column":53},"end":{"line":598,"column":65}}]},"4":{"loc":{"start":{"line":609,"column":4},"end":{"line":617,"column":null}},"type":"if","locations":[{"start":{"line":609,"column":4},"end":{"line":617,"column":null}}]},"5":{"loc":{"start":{"line":621,"column":4},"end":{"line":623,"column":null}},"type":"if","locations":[{"start":{"line":621,"column":4},"end":{"line":623,"column":null}}]},"6":{"loc":{"start":{"line":628,"column":4},"end":{"line":630,"column":null}},"type":"if","locations":[{"start":{"line":628,"column":4},"end":{"line":630,"column":null}}]},"7":{"loc":{"start":{"line":677,"column":12},"end":{"line":677,"column":37}},"type":"default-arg","locations":[{"start":{"line":677,"column":35},"end":{"line":677,"column":37}}]},"8":{"loc":{"start":{"line":677,"column":39},"end":{"line":677,"column":70}},"type":"default-arg","locations":[{"start":{"line":677,"column":65},"end":{"line":677,"column":70}}]},"9":{"loc":{"start":{"line":678,"column":4},"end":{"line":680,"column":null}},"type":"if","locations":[{"start":{"line":678,"column":4},"end":{"line":680,"column":null}}]},"10":{"loc":{"start":{"line":686,"column":13},"end":{"line":686,"column":77}},"type":"binary-expr","locations":[{"start":{"line":686,"column":13},"end":{"line":686,"column":42}},{"start":{"line":686,"column":46},"end":{"line":686,"column":77}}]},"11":{"loc":{"start":{"line":690,"column":4},"end":{"line":693,"column":null}},"type":"if","locations":[{"start":{"line":690,"column":4},"end":{"line":693,"column":null}}]},"12":{"loc":{"start":{"line":694,"column":4},"end":{"line":696,"column":null}},"type":"if","locations":[{"start":{"line":694,"column":4},"end":{"line":696,"column":null}}]},"13":{"loc":{"start":{"line":698,"column":4},"end":{"line":704,"column":null}},"type":"if","locations":[{"start":{"line":698,"column":4},"end":{"line":704,"column":null}}]},"14":{"loc":{"start":{"line":700,"column":8},"end":{"line":702,"column":null}},"type":"if","locations":[{"start":{"line":700,"column":8},"end":{"line":702,"column":null}}]},"15":{"loc":{"start":{"line":744,"column":4},"end":{"line":746,"column":null}},"type":"if","locations":[{"start":{"line":744,"column":4},"end":{"line":746,"column":null}}]},"16":{"loc":{"start":{"line":747,"column":4},"end":{"line":749,"column":null}},"type":"if","locations":[{"start":{"line":747,"column":4},"end":{"line":749,"column":null}}]},"17":{"loc":{"start":{"line":751,"column":4},"end":{"line":753,"column":null}},"type":"if","locations":[{"start":{"line":751,"column":4},"end":{"line":753,"column":null}}]},"18":{"loc":{"start":{"line":764,"column":4},"end":{"line":766,"column":null}},"type":"if","locations":[{"start":{"line":764,"column":4},"end":{"line":766,"column":null}}]},"19":{"loc":{"start":{"line":773,"column":24},"end":{"line":773,"column":52}},"type":"binary-expr","locations":[{"start":{"line":773,"column":24},"end":{"line":773,"column":46}},{"start":{"line":773,"column":50},"end":{"line":773,"column":52}}]},"20":{"loc":{"start":{"line":785,"column":4},"end":{"line":796,"column":null}},"type":"if","locations":[{"start":{"line":785,"column":4},"end":{"line":796,"column":null}}]},"21":{"loc":{"start":{"line":786,"column":6},"end":{"line":787,"column":38}},"type":"binary-expr","locations":[{"start":{"line":786,"column":6},"end":{"line":786,"column":43}},{"start":{"line":787,"column":6},"end":{"line":787,"column":38}}]},"22":{"loc":{"start":{"line":792,"column":10},"end":{"line":794,"column":52}},"type":"cond-expr","locations":[{"start":{"line":793,"column":14},"end":{"line":793,"column":59}},{"start":{"line":794,"column":14},"end":{"line":794,"column":52}}]},"23":{"loc":{"start":{"line":797,"column":4},"end":{"line":799,"column":null}},"type":"if","locations":[{"start":{"line":797,"column":4},"end":{"line":799,"column":null}}]},"24":{"loc":{"start":{"line":360,"column":4},"end":{"line":360,"column":36}},"type":"default-arg","locations":[{"start":{"line":360,"column":34},"end":{"line":360,"column":36}}]},"25":{"loc":{"start":{"line":362,"column":4},"end":{"line":362,"column":19}},"type":"default-arg","locations":[{"start":{"line":362,"column":15},"end":{"line":362,"column":19}}]},"26":{"loc":{"start":{"line":364,"column":4},"end":{"line":366,"column":null}},"type":"if","locations":[{"start":{"line":364,"column":4},"end":{"line":366,"column":null}}]},"27":{"loc":{"start":{"line":367,"column":11},"end":{"line":369,"column":40}},"type":"cond-expr","locations":[{"start":{"line":368,"column":8},"end":{"line":368,"column":40}},{"start":{"line":369,"column":8},"end":{"line":369,"column":40}}]},"28":{"loc":{"start":{"line":373,"column":4},"end":{"line":373,"column":36}},"type":"default-arg","locations":[{"start":{"line":373,"column":34},"end":{"line":373,"column":36}}]},"29":{"loc":{"start":{"line":375,"column":4},"end":{"line":375,"column":19}},"type":"default-arg","locations":[{"start":{"line":375,"column":15},"end":{"line":375,"column":19}}]},"30":{"loc":{"start":{"line":377,"column":4},"end":{"line":379,"column":null}},"type":"if","locations":[{"start":{"line":377,"column":4},"end":{"line":379,"column":null}}]},"31":{"loc":{"start":{"line":380,"column":11},"end":{"line":382,"column":40}},"type":"cond-expr","locations":[{"start":{"line":381,"column":8},"end":{"line":381,"column":40}},{"start":{"line":382,"column":8},"end":{"line":382,"column":40}}]},"32":{"loc":{"start":{"line":421,"column":8},"end":{"line":421,"column":75}},"type":"binary-expr","locations":[{"start":{"line":421,"column":8},"end":{"line":421,"column":30}},{"start":{"line":421,"column":35},"end":{"line":421,"column":74}}]},"33":{"loc":{"start":{"line":430,"column":21},"end":{"line":430,"column":35}},"type":"binary-expr","locations":[{"start":{"line":430,"column":21},"end":{"line":430,"column":29}},{"start":{"line":430,"column":33},"end":{"line":430,"column":35}}]},"34":{"loc":{"start":{"line":438,"column":21},"end":{"line":438,"column":62}},"type":"default-arg","locations":[{"start":{"line":438,"column":60},"end":{"line":438,"column":62}}]},"35":{"loc":{"start":{"line":441,"column":4},"end":{"line":443,"column":null}},"type":"if","locations":[{"start":{"line":441,"column":4},"end":{"line":443,"column":null}}]},"36":{"loc":{"start":{"line":442,"column":23},"end":{"line":442,"column":37}},"type":"binary-expr","locations":[{"start":{"line":442,"column":23},"end":{"line":442,"column":31}},{"start":{"line":442,"column":35},"end":{"line":442,"column":37}}]},"37":{"loc":{"start":{"line":445,"column":4},"end":{"line":452,"column":null}},"type":"if","locations":[{"start":{"line":445,"column":4},"end":{"line":452,"column":null}}]},"38":{"loc":{"start":{"line":446,"column":6},"end":{"line":449,"column":51}},"type":"binary-expr","locations":[{"start":{"line":446,"column":6},"end":{"line":446,"column":24}},{"start":{"line":447,"column":6},"end":{"line":447,"column":14}},{"start":{"line":448,"column":6},"end":{"line":448,"column":24}},{"start":{"line":449,"column":6},"end":{"line":449,"column":51}}]},"39":{"loc":{"start":{"line":454,"column":4},"end":{"line":456,"column":null}},"type":"if","locations":[{"start":{"line":454,"column":4},"end":{"line":456,"column":null}}]},"40":{"loc":{"start":{"line":460,"column":4},"end":{"line":464,"column":null}},"type":"if","locations":[{"start":{"line":460,"column":4},"end":{"line":464,"column":null}},{"start":{"line":462,"column":11},"end":{"line":464,"column":null}}]},"41":{"loc":{"start":{"line":463,"column":21},"end":{"line":463,"column":46}},"type":"binary-expr","locations":[{"start":{"line":463,"column":21},"end":{"line":463,"column":38}},{"start":{"line":463,"column":42},"end":{"line":463,"column":46}}]},"42":{"loc":{"start":{"line":475,"column":4},"end":{"line":477,"column":null}},"type":"if","locations":[{"start":{"line":475,"column":4},"end":{"line":477,"column":null}}]},"43":{"loc":{"start":{"line":475,"column":8},"end":{"line":475,"column":62}},"type":"binary-expr","locations":[{"start":{"line":475,"column":8},"end":{"line":475,"column":30}},{"start":{"line":475,"column":34},"end":{"line":475,"column":62}}]},"44":{"loc":{"start":{"line":481,"column":4},"end":{"line":483,"column":null}},"type":"if","locations":[{"start":{"line":481,"column":4},"end":{"line":483,"column":null}}]},"45":{"loc":{"start":{"line":508,"column":4},"end":{"line":513,"column":null}},"type":"if","locations":[{"start":{"line":508,"column":4},"end":{"line":513,"column":null}}]},"46":{"loc":{"start":{"line":508,"column":8},"end":{"line":508,"column":71}},"type":"binary-expr","locations":[{"start":{"line":508,"column":8},"end":{"line":508,"column":33}},{"start":{"line":508,"column":37},"end":{"line":508,"column":71}}]},"47":{"loc":{"start":{"line":552,"column":11},"end":{"line":554,"column":40}},"type":"cond-expr","locations":[{"start":{"line":553,"column":8},"end":{"line":553,"column":45}},{"start":{"line":554,"column":8},"end":{"line":554,"column":40}}]},"48":{"loc":{"start":{"line":567,"column":34},"end":{"line":567,"column":76}},"type":"default-arg","locations":[{"start":{"line":567,"column":51},"end":{"line":567,"column":76}}]},"49":{"loc":{"start":{"line":577,"column":4},"end":{"line":577,"column":46}},"type":"default-arg","locations":[{"start":{"line":577,"column":21},"end":{"line":577,"column":46}}]},"50":{"loc":{"start":{"line":634,"column":17},"end":{"line":634,"column":32}},"type":"default-arg","locations":[{"start":{"line":634,"column":28},"end":{"line":634,"column":32}}]},"51":{"loc":{"start":{"line":635,"column":4},"end":{"line":645,"column":null}},"type":"if","locations":[{"start":{"line":635,"column":4},"end":{"line":645,"column":null}}]},"52":{"loc":{"start":{"line":635,"column":8},"end":{"line":635,"column":70}},"type":"binary-expr","locations":[{"start":{"line":635,"column":8},"end":{"line":635,"column":33}},{"start":{"line":635,"column":37},"end":{"line":635,"column":70}}]},"53":{"loc":{"start":{"line":637,"column":6},"end":{"line":644,"column":null}},"type":"if","locations":[{"start":{"line":637,"column":6},"end":{"line":644,"column":null}},{"start":{"line":639,"column":13},"end":{"line":644,"column":null}}]},"54":{"loc":{"start":{"line":670,"column":11},"end":{"line":673,"column":null}},"type":"cond-expr","locations":[{"start":{"line":671,"column":6},"end":{"line":671,"column":69}},{"start":{"line":673,"column":6},"end":{"line":673,"column":14}}]},"55":{"loc":{"start":{"line":708,"column":4},"end":{"line":710,"column":null}},"type":"if","locations":[{"start":{"line":708,"column":4},"end":{"line":710,"column":null}}]},"56":{"loc":{"start":{"line":724,"column":4},"end":{"line":726,"column":null}},"type":"if","locations":[{"start":{"line":724,"column":4},"end":{"line":726,"column":null}}]},"57":{"loc":{"start":{"line":757,"column":4},"end":{"line":759,"column":null}},"type":"if","locations":[{"start":{"line":757,"column":4},"end":{"line":759,"column":null}}]},"58":{"loc":{"start":{"line":816,"column":19},"end":{"line":816,"column":77}},"type":"cond-expr","locations":[{"start":{"line":816,"column":48},"end":{"line":816,"column":49}},{"start":{"line":816,"column":52},"end":{"line":816,"column":77}}]},"59":{"loc":{"start":{"line":819,"column":4},"end":{"line":821,"column":null}},"type":"if","locations":[{"start":{"line":819,"column":4},"end":{"line":821,"column":null}}]},"60":{"loc":{"start":{"line":826,"column":4},"end":{"line":828,"column":null}},"type":"if","locations":[{"start":{"line":826,"column":4},"end":{"line":828,"column":null}}]},"61":{"loc":{"start":{"line":833,"column":4},"end":{"line":835,"column":null}},"type":"if","locations":[{"start":{"line":833,"column":4},"end":{"line":835,"column":null}}]},"62":{"loc":{"start":{"line":840,"column":4},"end":{"line":856,"column":null}},"type":"if","locations":[{"start":{"line":840,"column":4},"end":{"line":856,"column":null}}]},"63":{"loc":{"start":{"line":842,"column":22},"end":{"line":842,"column":58}},"type":"cond-expr","locations":[{"start":{"line":842,"column":39},"end":{"line":842,"column":51}},{"start":{"line":842,"column":54},"end":{"line":842,"column":58}}]}},"s":{"0":1,"1":0,"2":0,"3":0,"4":0,"5":0,"6":0,"7":0,"8":0,"9":0,"10":0,"11":0,"12":0,"13":0,"14":0,"15":0,"16":0,"17":0,"18":0,"19":0,"20":0,"21":0,"22":0,"23":0,"24":0,"25":0,"26":0,"27":0,"28":0,"29":0,"30":0,"31":0,"32":0,"33":0,"34":0,"35":0,"36":0,"37":0,"38":0,"39":0,"40":0,"41":0,"42":0,"43":0,"44":0,"45":0,"46":0,"47":0,"48":0,"49":0,"50":0,"51":0,"52":0,"53":0,"54":0,"55":0,"56":0,"57":0,"58":0,"59":0,"60":0,"61":0,"62":0,"63":0,"64":0,"65":0,"66":0,"67":0,"68":0,"69":0,"70":0,"71":0,"72":0,"73":0,"74":0,"75":0,"76":0,"77":0,"78":0,"79":0,"80":0,"81":0,"82":0,"83":0,"84":0,"85":0,"86":0,"87":0,"88":0,"89":0,"90":0,"91":0,"92":0,"93":0,"94":0,"95":0,"96":0,"97":0,"98":0,"99":0,"100":0,"101":0,"102":0,"103":0,"104":0,"105":0,"106":0,"107":0,"108":0,"109":0,"110":0,"111":0,"112":0,"113":0,"114":0,"115":0,"116":0,"117":0,"118":0,"119":0,"120":0,"121":0,"122":0,"123":0,"124":0,
[...]
":30,"column":12},"end":{"line":30,"column":61}},"2":{"start":{"line":30,"column":41},"end":{"line":30,"column":60}},"3":{"start":{"line":31,"column":24},"end":{"line":31,"column":26}},"4":{"start":{"line":32,"column":2},"end":{"line":35,"column":3}},"5":{"start":{"line":33,"column":4},"end":{"line":33,"column":39}},"6":{"start":{"line":34,"column":4},"end":{"line":34,"column":63}},"7":{"start":{"line":36,"column":2},"end":{"line":41,"column":4}},"8":{"start":{"line":37,"column":30},"end":{"line":37,"column":93}},"9":{"start":{"line":45,"column":21},"end":{"line":63,"column":1}},"10":{"start":{"line":46,"column":21},"end":{"line":46,"column":23}},"11":{"start":{"line":47,"column":2},"end":{"line":52,"column":4}},"12":{"start":{"line":48,"column":4},"end":{"line":51,"column":7}},"13":{"start":{"line":49,"column":6},"end":{"line":49,"column":49}},"14":{"start":{"line":50,"column":6},"end":{"line":50,"column":49}},"15":{"start":{"line":53,"column":22},"end":{"line":53,"column":24}},"16":{"start":{"line":54,"column":2},"end":{"line":61,"column":4}},"17":{"start":{"line":55,"column":21},"end":{"line":55,"column":104}},"18":{"start":{"line":55,"column":51},"end":{"line":55,"column":102}},"19":{"start":{"line":56,"column":4},"end":{"line":60,"column":5}},"20":{"start":{"line":57,"column":22},"end":{"line":57,"column":47}},"21":{"start":{"line":58,"column":16},"end":{"line":58,"column":47}},"22":{"start":{"line":59,"column":6},"end":{"line":59,"column":53}},"23":{"start":{"line":62,"column":2},"end":{"line":62,"column":27}},"24":{"start":{"line":67,"column":19},"end":{"line":108,"column":1}},"25":{"start":{"line":68,"column":15},"end":{"line":68,"column":54}},"26":{"start":{"line":68,"column":43},"end":{"line":68,"column":53}},"27":{"start":{"line":69,"column":13},"end":{"line":69,"column":74}},"28":{"start":{"line":70,"column":16},"end":{"line":70,"column":28}},"29":{"start":{"line":71,"column":17},"end":{"line":71,"column":30}},"30":{"start":{"line":73,"column":2},"end":{"line":76,"column":9}},"31":{"start":{"line":74,"column":3},"end":{"line":74,"column":100}},"32":{"start":{"line":74,"column":39},"end":{"line":74,"column":99}},"33":{"start":{"line":75,"column":3},"end":{"line":75,"column":54}},"34":{"start":{"line":78,"column":2},"end":{"line":107,"column":4}},"35":{"start":{"line":83,"column":10},"end":{"line":85,"column":17}},"36":{"start":{"line":86,"column":50},"end":{"line":86,"column":110}},"37":{"start":{"line":87,"column":34},"end":{"line":87,"column":63}},"38":{"start":{"line":88,"column":37},"end":{"line":88,"column":44}},"39":{"start":{"line":91,"column":23},"end":{"line":91,"column":64}}},"fnMap":{"0":{"name":"(anonymous_0)","decl":{"start":{"line":29,"column":16},"end":{"line":29,"column":17}},"loc":{"start":{"line":29,"column":74},"end":{"line":42,"column":1}},"line":29},"1":{"name":"(anonymous_1)","decl":{"start":{"line":30,"column":30},"end":{"line":30,"column":31}},"loc":{"start":{"line":30,"column":41},"end":{"line":30,"column":60}},"line":30},"2":{"name":"(anonymous_2)","decl":{"start":{"line":37,"column":24},"end":{"line":37,"column":25}},"loc":{"start":{"line":37,"column":30},"end":{"line":37,"column":93}},"line":37},"3":{"name":"(anonymous_3)","decl":{"start":{"line":45,"column":21},"end":{"line":45,"column":22}},"loc":{"start":{"line":45,"column":65},"end":{"line":63,"column":1}},"line":45},"4":{"name":"(anonymous_4)","decl":{"start":{"line":47,"column":14},"end":{"line":47,"column":15}},"loc":{"start":{"line":47,"column":28},"end":{"line":52,"column":3}},"line":47},"5":{"name":"(anonymous_5)","decl":{"start":{"line":54,"column":14},"end":{"line":54,"column":15}},"loc":{"start":{"line":54,"column":26},"end":{"line":61,"column":3}},"line":54},"6":{"name":"(anonymous_6)","decl":{"start":{"line":55,"column":36},"end":{"line":55,"column":37}},"loc":{"start":{"line":55,"column":51},"end":{"line":55,"column":102}},"line":55},"7":{"name":"(anonymous_7)","decl":{"start":{"line":67,"column":19},"end":{"line":67,"column":20}},"loc":{"start":{"line":67,"column":35},"end":{"line":108,"column":1}},"line":67},"8":{"name":"(anonymous_8)","decl":{"start":{"line":68,"column":27},"end":{"line":68,"column":28}},"loc":{"start":{"line":68,"column":43},"end":{"line":68,"column":53}},"line":68},"9":{"name":"(anonymous_9)","decl":{"start":{"line":73,"column":12},"end":{"line":73,"column":13}},"loc":{"start":{"line":73,"column":18},"end":{"line":76,"column":3}},"line":73},"10":{"name":"(anonymous_10)","decl":{"start":{"line":74,"column":24},"end":{"line":74,"column":25}},"loc":{"start":{"line":74,"column":39},"end":{"line":74,"column":99}},"line":74},"11":{"name":"(anonymous_11)","decl":{"start":{"line":82,"column":29},"end":{"line":82,"column":30}},"loc":{"start":{"line":83,"column":10},"end":{"line":85,"column":17}},"line":83},"12":{"name":"(anonymous_12)","decl":{"start":{"line":86,"column":35},"end":{"line":86,"column":36}},"loc":{"start":{"line":86,"column":50},"end":{"line":86,"column":110}},"line":86},"13":{"name":"(anonymous_13)","decl":{"start":{"line":87,"column":20},"end":{"line":87,"column":21}},"loc":{"start":{"line":87,"column":34},"end":{"line":87,"column":63}},"line":87},"14":{"name":"(anonymous_14)","decl":{"start":{"line":88,"column":22},"end":{"line":88,"column":23}},"loc":{"start":{"line":88,"column":37},"end":{"line":88,"column":44}},"line":88},"15":{"name":"(anonymous_15)","decl":{"start":{"line":91,"column":17},"end":{"line":91,"column":18}},"loc":{"start":{"line":91,"column":23},"end":{"line":91,"column":64}},"line":91}},"branchMap":{"0":{"loc":{"start":{"line":32,"column":2},"end":{"line":35,"column":3}},"type":"if","locations":[{"start":{"line":32,"column":2},"end":{"line":35,"column":3}},{"start":{},"end":{}}],"line":32},"1":{"loc":{"start":{"line":48,"column":4},"end":{"line":51,"column":7}},"type":"if","locations":[{"start":{"line":48,"column":4},"end":{"line":51,"column":7}},{"start":{},"end":{}}],"line":48},"2":{"loc":{"start":{"line":55,"column":51},"end":{"line":55,"column":102}},"type":"binary-expr","locations":[{"start":{"line":55,"column":51},"end":{"line":55,"column":74}},{"start":{"line":55,"column":77},"end":{"line":55,"column":102}}],"line":55},"3":{"loc":{"start":{"line":56,"column":4},"end":{"line":60,"column":5}},"type":"if","locations":[{"start":{"line":56,"column":4},"end":{"line":60,"column":5}},{"start":{},"end":{}}],"line":56},"4":{"loc":{"start":{"line":56,"column":7},"end":{"line":56,"column":42}},"type":"binary-expr","locations":[{"start":{"line":56,"column":7},"end":{"line":56,"column":24}},{"start":{"line":56,"column":28},"end":{"line":56,"column":42}}],"line":56},"5":{"loc":{"start":{"line":74,"column":39},"end":{"line":74,"column":99}},"type":"binary-expr","locations":[{"start":{"line":74,"column":39},"end":{"line":74,"column":70}},{"start":{"line":74,"column":74},"end":{"line":74,"column":99}}],"line":74},"6":{"loc":{"start":{"line":86,"column":50},"end":{"line":86,"column":110}},"type":"binary-expr","locations":[{"start":{"line":86,"column":50},"end":{"line":86,"column":81}},{"start":{"line":86,"column":85},"end":{"line":86,"column":110}}],"line":86}},"s":{"0":1,"1":0,"2":0,"3":0,"4":0,"5":0,"6":0,"7":0,"8":0,"9":1,"10":0,"11":0,"12":0,"13":0,"14":0,"15":0,"16":0,"17":0,"18":0,"19":0,"20":0,"21":0,"22":0,"23":0,"24":1,"25":0,"26":0,"27":0,"28":0,"29":0,"30":0,"31":0,"32":0,"33":0,"34":0,"35":0,"36":0,"37":0,"38":0,"39":0},"f":{"0":0,"1":0,"2":0,"3":0,"4":0,"5":0,"6":0,"7":0,"8":0,"9":0,"10":0,"11":0,"12":0,"13":0,"14":0,"15":0},"b":{"0":[0,0],"1":[0,0],"2":[0,0],"3":[0,0],"4":[0,0],"5":[0,0],"6":[0,0]},"_coverageSchema":"1a1c01bbd47fc00a2c39e90264f33305004495a9","hash":"0558b88fd495ce1d25d6d4186a70227b1e39440d"}
,"/Users/harmandev/Desktop/Journey/messaging_app/src/searchUser.tsx": {"path":"/Users/harmandev/Desktop/Journey/messaging_app/src/searchUser.tsx","statementMap":{"0":{"start":{"line":24,"column":16},"end":{"line":31,"column":1}},"1":{"start":{"line":25,"column":2},"end":{"line":30,"column":4}},"2":{"start":{"line":26,"column":30},"end":{"line":26,"column":92}},"3":{"start":{"line":33,"column":21},"end":{"line":50,"column":1}},"4":{"start":{"line":34,"column":15},"end":{"line":34,"column":54}},"5":{"start":{"line":34,"column":43},"end":{"line":34,"column":53}},"6":{"start":{"line":35,"column":2},"end":{"line":37,"column":9}},"7":{"start":{"line":36,"column":4},"end":{"line":36,"column":58}},"8":{"start":{"line":38,"column":15},"end":{"line":38,"column":83}},"9":{"start":{"line":38,"column":51},"end":{"line":38,"column":82}},"10":{"start":{"line":39,"column":2},"end":{"line":49,"column":4}},"11":{"start":{"line":44,"column":34},"end":{"line":44,"column":54}},"12":{"start":{"line":45,"column":37},"end":{"line":45,"column":44}}},"fnMap":{"0":{"name":"(anonymous_0)","decl":{"start":{"line":24,"column":16},"end":{"line":24,"column":17}},"loc":{"start":{"line":24,"column":58},"end":{"line":31,"column":1}},"line":24},"1":{"name":"(anonymous_1)","decl":{"start":{"line":26,"column":24},"end":{"line":26,"column":25}},"loc":{"start":{"line":26,"column":30},"end":{"line":26,"column":92}},"line":26},"2":{"name":"(anonymous_2)","decl":{"start":{"line":33,"column":21},"end":{"line":33,"column":22}},"loc":{"start":{"line":33,"column":37},"end":{"line":50,"column":1}},"line":33},"3":{"name":"(anonymous_3)","decl":{"start":{"line":34,"column":27},"end":{"line":34,"column":28}},"loc":{"start":{"line":34,"column":43},"end":{"line":34,"column":53}},"line":34},"4":{"name":"(anonymous_4)","decl":{"start":{"line":35,"column":12},"end":{"line":35,"column":13}},"loc":{"start":{"line":35,"column":18},"end":{"line":37,"column":3}},"line":35},"5":{"name":"(anonymous_5)","decl":{"start":{"line":38,"column":36},"end":{"line":38,"column":37}},"loc":{"start":{"line":38,"column":51},"end":{"line":38,"column":82}},"line":38},"6":{"name":"(anonymous_6)","decl":{"start":{"line":44,"column":20},"end":{"line":44,"column":21}},"loc":{"start":{"line":44,"column":34},"end":{"line":44,"column":54}},"line":44},"7":{"name":"(anonymous_7)","decl":{"start":{"line":45,"column":22},"end":{"line":45,"column":23}},"loc":{"start":{"line":45,"column":37},"end":{"line":45,"column":44}},"line":45}},"branchMap":{},"s":{"0":1,"1":0,"2":0,"3":1,"4":0,"5":0,"6":0,"7":0,"8":0,"9":0,"10":0,"11":0,"12":0},"f":{"0":0,"1":0,"2":0,"3":0,"4":0,"5":0,"6":0,"7":0},"b":{},"_coverageSchema":"1a1c01bbd47fc00a2c39e90264f33305004495a9","hash":"e8bc6d7e1dda8020def9573c884d5ca7fc134db6"}
,"/Users/harmandev/Desktop/Journey/messaging_app/src/component/molecules/userListCardDetails/userCard.tsx": {"path":"/Users/harmandev/Desktop/Journey/messaging_app/src/component/molecules/userListCardDetails/userCard.tsx","statementMap":{"0":{"start":{"line":10,"column":17},"end":{"line":36,"column":1}},"1":{"start":{"line":11,"column":2},"end":{"line":35,"column":4}}},"fnMap":{"0":{"name":"(anonymous_0)","decl":{"start":{"line":10,"column":17},"end":{"line":10,"column":18}},"loc":{"start":{"line":10,"column":33},"end":{"line":36,"column":1}},"line":10}},"branchMap":{},"s":{"0":1,"1":0},"f":{"0":0},"b":{},"_coverageSchema":"1a1c01bbd47fc00a2c39e90264f33305004495a9","hash":"8d2f4ef2419d87cd3c3e87f964506289cb6cd68c"}
,"/Users/harmandev/Desktop/Journey/messaging_app/src/component/molecules/userListCardDetails/userListCardDetails.tsx": {"path":"/Users/harmandev/Desktop/Journey/messaging_app/src/component/molecules/userListCardDetails/userListCardDetails.tsx","statementMap":{"0":{"start":{"line":11,"column":28},"end":{"line":42,"column":1}},"1":{"start":{"line":12,"column":2},"end":{"line":41,"column":4}}},"fnMap":{"0":{"name":"(anonymous_0)","decl":{"start":{"line":11,"column":28},"end":{"line":11,"column":29}},"loc":{"start":{"line":11,"column":44},"end":{"line":42,"column":1}},"line":11}},"branchMap":{},"s":{"0":1,"1":0},"f":{"0":0},"b":{},"_coverageSchema":"1a1c01bbd47fc00a2c39e90264f33305004495a9","hash":"0a2cfee7f8e0fbe57243c327a270bcb17681540e"}
,"/Users/harmandev/Desktop/Journey/messaging_app/src/component/molecules/userListCardDetails/userListCardDetailsStyle.tsx": {"path":"/Users/harmandev/Desktop/Journey/messaging_app/src/component/molecules/userListCardDetails/userListCardDetailsStyle.tsx","statementMap":{"0":{"start":{"line":4,"column":22},"end":{"line":49,"column":2}}},"fnMap":{},"branchMap":{},"s":{"0":1},"f":{},"b":{},"_coverageSchema":"1a1c01bbd47fc00a2c39e90264f33305004495a9","hash":"eb98ad66d422ac7d81976cea3439323e47ba025c"}
,"/Users/harmandev/Desktop/Journey/messaging_app/src/redux/reducers/index.tsx": {"path":"/Users/harmandev/Desktop/Journey/messaging_app/src/redux/reducers/index.tsx","statementMap":{"0":{"start":{"line":5,"column":20},"end":{"line":7,"column":2}},"1":{"start":{"line":11,"column":26},"end":{"line":17,"column":1}},"2":{"start":{"line":11,"column":32},"end":{"line":17,"column":1}},"3":{"start":{"line":12,"column":2},"end":{"line":12,"column":27}},"4":{"start":{"line":13,"column":2},"end":{"line":13,"column":25}},"5":{"start":{"line":14,"column":2},"end":{"line":14,"column":34}},"6":{"start":{"line":15,"column":2},"end":{"line":15,"column":29}},"7":{"start":{"line":16,"column":2},"end":{"line":16,"column":25}}},"fnMap":{"0":{"name":"(anonymous_0)","decl":{"start":{"line":11,"column":26},"end":{"line":11,"column":27}},"loc":{"start":{"line":11,"column":32},"end":{"line":17,"column":1}},"line":11},"1":{"name":"(anonymous_1)","decl":{"start":{"line":11,"column":32},"end":{"line":11,"column":33}},"loc":{"start":{"line":11,"column":70},"end":{"line":17,"column":1}},"line":11}},"branchMap":{},"s":{"0":1,"1":1,"2":0,"3":0,"4":0,"5":0,"6":0,"7":0},"f":{"0":0,"1":0},"b":{},"_coverageSchema":"1a1c01bbd47fc00a2c39e90264f33305004495a9","hash":"83cc88a10ea399b7ff0d616ba7cb8467bef956c8"}
,"/Users/harmandev/Desktop/Journey/messaging_app/src/redux/slices/chatslice.tsx": {"path":"/Users/harmandev/Desktop/Journey/messaging_app/src/redux/slices/chatslice.tsx","statementMap":{"0":{"start":{"line":4,"column":14},"end":{"line":4,"column":92}},"1":{"start":{"line":5,"column":21},"end":{"line":21,"column":1}},"2":{"start":{"line":13,"column":62},"end":{"line":20,"column":3}},"3":{"start":{"line":23,"column":18},"end":{"line":75,"column":2}},"4":{"start":{"line":28,"column":6},"end":{"line":28,"column":30}},"5":{"start":{"line":31,"column":6},"end":{"line":31,"column":61}},"6":{"start":{"line":31,"column":36},"end":{"line":31,"column":61}},"7":{"start":{"line":34,"column":6},"end":{"line":34,"column":41}},"8":{"start":{"line":37,"column":6},"end":{"line":40,"column":7}},"9":{"start":{"line":38,"column":8},"end":{"line":38,"column":30}},"10":{"start":{"line":39,"column":8},"end":{"line":39,"column":40}},"11":{"start":{"line":48,"column":5},"end":{"line":65,"column":7}},"12":{"start":{"line":50,"column":8},"end":{"line":50,"column":87}},"13":{"start":{"line":52,"column":8},"end":{"line":64,"column":9}},"14":{"start":{"line":52,"column":21},"end":{"line":52,"column":22}},"15":{"start":{"line":53,"column":10},"end":{"line":63,"column":11}},"16":{"start":{"line":55,"column":12},"end":{"line":55,"column":63}},"17":{"start":{"line":58,"column":25},"end":{"line":58,"column":91}},"18":{"start":{"line":58,"column":60},"end":{"line":58,"column":90}},"19":{"start":{"line":59,"column":12},"end":{"line":62,"column":13}},"20":{"start":{"line":60,"column":14},"end":{"line":60,"column":94}},"21":{"start":{"line":61,"column":14},"end":{"line":61,"column":20}},"22":{"start":{"line":71,"column":6},"end":{"line":71,"column":46}},"23":{"start":{"line":73,"column":29},"end":{"line":73,"column":41}},"24":{"start":{"line":77,"column":29},"end":{"line":77,"column":38}},"25":{"start":{"line":87,"column":4},"end":{"line":87,"column":11}}},"fnMap":{"0":{"name":"(anonymous_0)","decl":{"start":{"line":13,"column":47},"end":{"line":13,"column":48}},"loc":{"start":{"line":13,"column":62},"end":{"line":20,"column":3}},"line":13},"1":{"name":"(anonymous_1)","decl":{"start":{"line":27,"column":4},"end":{"line":27,"column":5}},"loc":{"start":{"line":27,"column":28},"end":{"line":29,"column":5}},"line":27},"2":{"name":"(anonymous_2)","decl":{"start":{"line":30,"column":4},"end":{"line":30,"column":5}},"loc":{"start":{"line":30,"column":32},"end":{"line":32,"column":5}},"line":30},"3":{"name":"(anonymous_3)","decl":{"start":{"line":33,"column":18},"end":{"line":33,"column":19}},"loc":{"start":{"line":33,"column":47},"end":{"line":35,"column":5}},"line":33},"4":{"name":"(anonymous_4)","decl":{"start":{"line":36,"column":4},"end":{"line":36,"column":5}},"loc":{"start":{"line":36,"column":38},"end":{"line":41,"column":5}},"line":36},"5":{"name":"(anonymous_5)","decl":{"start":{"line":42,"column":19},"end":{"line":42,"column":20}},"loc":{"start":{"line":42,"column":48},"end":{"line":46,"column":5}},"line":42},"6":{"name":"(anonymous_6)","decl":{"start":{"line":47,"column":16},"end":{"line":47,"column":17}},"loc":{"start":{"line":47,"column":45},"end":{"line":69,"column":5}},"line":47},"7":{"name":"(anonymous_7)","decl":{"start":{"line":58,"column":46},"end":{"line":58,"column":47}},"loc":{"start":{"line":58,"column":60},"end":{"line":58,"column":90}},"line":58},"8":{"name":"(anonymous_8)","decl":{"start":{"line":70,"column":18},"end":{"line":70,"column":19}},"loc":{"start":{"line":70,"column":37},"end":{"line":72,"column":5}},"line":70},"9":{"name":"(anonymous_9)","decl":{"start":{"line":73,"column":20},"end":{"line":73,"column":21}},"loc":{"start":{"line":73,"column":29},"end":{"line":73,"column":41}},"line":73}},"branchMap":{"0":{"loc":{"start":{"line":31,"column":6},"end":{"line":31,"column":61}},"type":"if","locations":[{"start":{"line":31,"column":6},"end":{"line":31,"column":61}},{"start":{},"end":{}}],"line":31},"1":{"loc":{"start":{"line":37,"column":6},"end":{"line":40,"column":7}},"type":"if","locations":[{"start":{"line":37,"column":6},"end":{"line":40,"column":7}},{"start":{},"end":{}}],"line":37},"2":{"loc":{"start":{"line":48,"column":5},"end":{"line":65,"column":7}},"type":"if","locations":[{"start":{"line":48,"column":5},"end":{"line":65,"column":7}},{"start":{"line":51,"column":11},"end":{"line":65,"column":7}}],"line":48},"3":{"loc":{"start":{"line":53,"column":10},"end":{"line":63,"column":11}},"type":"if","locations":[{"start":{"line":53,"column":10},"end":{"line":63,"column":11}},{"start":{"line":56,"column":16},"end":{"line":63,"column":11}}],"line":53},"4":{"loc":{"start":{"line":59,"column":12},"end":{"line":62,"column":13}},"type":"if","locations":[{"start":{"line":59,"column":12},"end":{"line":62,"column":13}},{"start":{},"end":{}}],"line":59}},"s":{"0":1,"1":1,"2":8,"3":1,"4":0,"5":0,"6":0,"7":0,"8":0,"9":0,"10":0,"11":0,"12":0,"13":0,"14":0,"15":0,"16":0,"17":0,"18":0,"19":0,"20":0,"21":0,"22":0,"23":0,"24":1,"25":1},"f":{"0":8,"1":0,"2":0,"3":0,"4":0,"5":0,"6":0,"7":0,"8":0,"9":0},"b":{"0":[0,0],"1":[0,0],"2":[0,0],"3":[0,0],"4":[0,0]},"_coverageSchema":"1a1c01bbd47fc00a2c39e90264f33305004495a9","hash":"f4fcdd60773e697f9faaa8574ff0d47971167289"}
,"/Users/harmandev/Desktop/Journey/messaging_app/src/redux/store/index.tsx": {"path":"/Users/harmandev/Desktop/Journey/messaging_app/src/redux/store/index.tsx","statementMap":{"0":{"start":{"line":15,"column":22},"end":{"line":18,"column":1}},"1":{"start":{"line":20,"column":25},"end":{"line":20,"column":67}},"2":{"start":{"line":32,"column":21},"end":{"line":37,"column":2}},"3":{"start":{"line":39,"column":23},"end":{"line":39,"column":42}}},"fnMap":{},"branchMap":{},"s":{"0":1,"1":1,"2":1,"3":1},"f":{},"b":{},"_coverageSchema":"1a1c01bbd47fc00a2c39e90264f33305004495a9","hash":"71ac6fe0a7a1a546c5d276e71c258fe28e2a7e41"}
,"/Users/harmandev/Desktop/Journey/messaging_app/src/utilis/color.tsx": {"path":"/Users/harmandev/Desktop/Journey/messaging_app/src/utilis/color.tsx","statementMap":{"0":{"start":{"line":3,"column":16},"end":{"line":11,"column":1}}},"fnMap":{},"branchMap":{},"s":{"0":1},"f":{},"b":{},"_coverageSchema":"1a1c01bbd47fc00a2c39e90264f33305004495a9","hash":"517168a30df948d75aa695ffb608afbb9ec698e8"}
}
