TN:
SF:App.tsx
FN:30,(anonymous_0)
FN:38,(anonymous_1)
FNF:2
FNH:1
FNDA:1,(anonymous_0)
FNDA:0,(anonymous_1)
DA:28,1
DA:30,1
DA:31,1
DA:38,0
LF:4
LH:3
BRF:0
BRH:0
end_of_record
TN:
SF:lib/react-native-gifted-chat/src/Actions.tsx
FN:25,(anonymous_0)
FN:49,(anonymous_1)
FN:59,(anonymous_2)
FN:68,(anonymous_3)
FN:79,(anonymous_4)
FNF:5
FNH:0
FNDA:0,(anonymous_0)
FNDA:0,(anonymous_1)
FNDA:0,(anonymous_2)
FNDA:0,(anonymous_3)
FNDA:0,(anonymous_4)
DA:26,1
DA:35,1
DA:45,1
DA:49,0
DA:50,0
DA:51,0
DA:52,0
DA:53,0
DA:60,0
DA:61,0
DA:62,0
DA:69,0
DA:70,0
DA:72,0
DA:80,0
DA:91,1
LF:16
LH:4
BRDA:61,0,0,0
BRDA:69,1,0,0
BRDA:83,2,0,0
BRDA:83,2,1,0
BRF:4
BRH:0
end_of_record
TN:
SF:lib/react-native-gifted-chat/src/Avatar.tsx
FN:98,(anonymous_0)
FN:115,(anonymous_1)
FN:119,(anonymous_2)
FN:129,(anonymous_3)
FN:74,(anonymous_4)
FN:75,(anonymous_5)
FNF:6
FNH:0
FNDA:0,(anonymous_0)
FNDA:0,(anonymous_1)
FNDA:0,(anonymous_2)
FNDA:0,(anonymous_3)
FNDA:0,(anonymous_4)
FNDA:0,(anonymous_5)
DA:14,1
DA:63,1
DA:78,1
DA:99,0
DA:100,0
DA:101,0
DA:103,0
DA:104,0
DA:116,0
DA:120,0
DA:126,0
DA:140,0
DA:141,0
DA:142,0
DA:144,0
DA:145,0
DA:148,0
DA:155,0
DA:174,0
LF:19
LH:3
BRDA:99,0,0,0
BRDA:103,1,0,0
BRDA:109,2,0,0
BRDA:109,2,1,0
BRDA:113,3,0,0
BRDA:113,3,1,0
BRDA:116,4,0,0
BRDA:116,4,1,0
BRDA:120,5,0,0
BRDA:120,5,1,0
BRDA:141,6,0,0
BRDA:141,6,1,0
BRDA:142,7,0,0
BRDA:142,7,1,0
BRDA:144,8,0,0
BRDA:148,9,0,0
BRDA:149,10,0,0
BRDA:149,10,1,0
BRDA:149,10,2,0
BRDA:149,10,3,0
BRDA:149,10,4,0
BRDA:159,11,0,0
BRDA:159,11,1,0
BRDA:166,12,0,0
BRDA:166,12,1,0
BRDA:179,13,0,0
BRDA:179,13,1,0
BRF:27
BRH:0
end_of_record
TN:
SF:lib/react-native-gifted-chat/src/Bubble.tsx
FN:166,(anonymous_0)
FN:249,(anonymous_1)
FN:265,(anonymous_2)
FN:278,(anonymous_3)
FN:300,(anonymous_4)
FN:322,(anonymous_5)
FN:350,(anonymous_6)
FN:366,(anonymous_7)
FN:377,(anonymous_8)
FN:388,(anonymous_9)
FN:399,(anonymous_10)
FN:433,(anonymous_11)
FN:449,(anonymous_12)
FN:470,(anonymous_13)
FN:477,(anonymous_14)
FN:497,(anonymous_15)
FNF:16
FNH:0
FNDA:0,(anonymous_0)
FNDA:0,(anonymous_1)
FNDA:0,(anonymous_2)
FNDA:0,(anonymous_3)
FNDA:0,(anonymous_4)
FNDA:0,(anonymous_5)
FNDA:0,(anonymous_6)
FNDA:0,(anonymous_7)
FNDA:0,(anonymous_8)
FNDA:0,(anonymous_9)
FNDA:0,(anonymous_10)
FNDA:0,(anonymous_11)
FNDA:0,(anonymous_12)
FNDA:0,(anonymous_13)
FNDA:0,(anonymous_14)
FNDA:0,(anonymous_15)
DA:35,1
DA:106,1
DA:169,1
DA:173,1
DA:204,1
DA:249,0
DA:250,0
DA:251,0
DA:252,0
DA:253,0
DA:254,0
DA:256,0
DA:259,0
DA:260,0
DA:266,0
DA:268,0
DA:269,0
DA:271,0
DA:284,0
DA:285,0
DA:292,0
DA:297,0
DA:306,0
DA:307,0
DA:314,0
DA:319,0
DA:329,0
DA:330,0
DA:331,0
DA:332,0
DA:333,0
DA:335,0
DA:347,0
DA:351,0
DA:357,0
DA:358,0
DA:359,0
DA:361,0
DA:363,0
DA:367,0
DA:368,0
DA:369,0
DA:370,0
DA:372,0
DA:374,0
DA:378,0
DA:379,0
DA:380,0
DA:381,0
DA:383,0
DA:385,0
DA:389,0
DA:390,0
DA:391,0
DA:392,0
DA:394,0
DA:396,0
DA:400,0
DA:401,0
DA:402,0
DA:404,0
DA:410,0
DA:412,0
DA:416,0
DA:430,0
DA:434,0
DA:440,0
DA:441,0
DA:442,0
DA:444,0
DA:446,0
DA:450,0
DA:451,0
DA:452,0
DA:453,0
DA:455,0
DA:467,0
DA:471,0
DA:472,0
DA:474,0
DA:478,0
DA:503,0
DA:504,0
LF:83
LH:5
BRDA:251,0,0,0
BRDA:251,0,1,0
BRDA:253,1,0,0
BRDA:253,2,0,0
BRDA:253,2,1,0
BRDA:256,3,0,0
BRDA:256,3,1,0
BRDA:256,4,0,0
BRDA:256,4,1,0
BRDA:266,5,0,0
BRDA:266,5,1,0
BRDA:285,6,0,0
BRDA:286,7,0,0
BRDA:286,7,1,0
BRDA:286,7,2,0
BRDA:286,7,3,0
BRDA:286,7,4,0
BRDA:294,8,0,0
BRDA:294,8,1,0
BRDA:307,9,0,0
BRDA:308,10,0,0
BRDA:308,10,1,0
BRDA:308,10,2,0
BRDA:308,10,3,0
BRDA:308,10,4,0
BRDA:316,11,0,0
BRDA:316,11,1,0
BRDA:330,12,0,0
BRDA:330,13,0,0
BRDA:330,13,1,0
BRDA:332,14,0,0
BRDA:351,15,0,0
BRDA:351,16,0,0
BRDA:351,16,1,0
BRDA:358,17,0,0
BRDA:367,18,0,0
BRDA:367,19,0,0
BRDA:367,19,1,0
BRDA:369,20,0,0
BRDA:378,21,0,0
BRDA:378,22,0,0
BRDA:378,22,1,0
BRDA:380,23,0,0
BRDA:389,24,0,0
BRDA:389,25,0,0
BRDA:389,25,1,0
BRDA:391,26,0,0
BRDA:401,27,0,0
BRDA:401,28,0,0
BRDA:401,28,1,0
BRDA:404,29,0,0
BRDA:405,30,0,0
BRDA:405,30,1,0
BRDA:405,30,2,0
BRDA:405,30,3,0
BRDA:412,31,0,0
BRDA:413,32,0,0
BRDA:413,32,1,0
BRDA:413,32,2,0
BRDA:413,32,3,0
BRDA:418,33,0,0
BRDA:418,33,1,0
BRDA:421,34,0,0
BRDA:421,34,1,0
BRDA:424,35,0,0
BRDA:424,35,1,0
BRDA:434,36,0,0
BRDA:434,37,0,0
BRDA:434,37,1,0
BRDA:441,38,0,0
BRDA:451,39,0,0
BRDA:451,40,0,0
BRDA:451,40,1,0
BRDA:452,41,0,0
BRDA:452,42,0,0
BRDA:452,42,1,0
BRDA:471,43,0,0
BRDA:478,44,0,0
BRDA:478,44,1,0
BRDA:508,45,0,0
BRDA:508,45,1,0
BRDA:516,46,0,0
BRDA:516,46,1,0
BRDA:529,47,0,0
BRDA:529,47,1,0
BRF:85
BRH:0
end_of_record
TN:
SF:lib/react-native-gifted-chat/src/Composer.tsx
FN:48,(anonymous_0)
FN:81,(anonymous_1)
FN:100,(anonymous_2)
FN:104,(anonymous_3)
FN:60,(anonymous_4)
FN:61,(anonymous_5)
FNF:6
FNH:0
FNDA:0,(anonymous_0)
FNDA:0,(anonymous_1)
FNDA:0,(anonymous_2)
FNDA:0,(anonymous_3)
FNDA:0,(anonymous_4)
FNDA:0,(anonymous_5)
DA:8,1
DA:49,1
DA:64,1
DA:79,0
DA:81,0
DA:82,0
DA:85,0
DA:86,0
DA:89,0
DA:95,0
DA:96,0
DA:100,0
DA:101,0
DA:105,0
LF:14
LH:3
BRDA:85,0,0,0
BRDA:89,1,0,0
BRDA:90,2,0,0
BRDA:90,2,1,0
BRDA:90,2,2,0
BRDA:90,2,3,0
BRF:6
BRH:0
end_of_record
TN:
SF:lib/react-native-gifted-chat/src/Constant.ts
FNF:0
FNH:0
DA:3,1
DA:8,1
DA:9,1
DA:10,1
DA:11,1
LF:5
LH:5
BRF:0
BRH:0
end_of_record
TN:
SF:lib/react-native-gifted-chat/src/Day.tsx
FN:75,(anonymous_0)
FNF:1
FNH:0
FNDA:0,(anonymous_0)
DA:19,1
DA:48,1
DA:52,1
DA:64,1
DA:83,0
DA:85,0
DA:86,0
DA:98,0
LF:8
LH:4
BRDA:85,0,0,0
BRDA:85,1,0,0
BRDA:85,1,1,0
BRF:3
BRH:0
end_of_record
TN:
SF:lib/react-native-gifted-chat/src/GiftedAvatar.tsx
FN:54,(anonymous_0)
FN:140,(anonymous_1)
FN:147,(anonymous_2)
FN:77,(anonymous_3)
FN:108,(anonymous_4)
FN:132,(anonymous_5)
FN:149,(anonymous_6)
FNF:7
FNH:0
FNDA:0,(anonymous_0)
FNDA:0,(anonymous_1)
FNDA:0,(anonymous_2)
FNDA:0,(anonymous_3)
FNDA:0,(anonymous_4)
FNDA:0,(anonymous_5)
FNDA:0,(anonymous_6)
DA:25,1
DA:27,1
DA:55,1
DA:66,1
DA:74,0
DA:75,0
DA:78,0
DA:79,0
DA:80,0
DA:81,0
DA:82,0
DA:83,0
DA:85,0
DA:88,0
DA:89,0
DA:90,0
DA:95,0
DA:105,0
DA:109,0
DA:110,0
DA:111,0
DA:112,0
DA:113,0
DA:114,0
DA:120,0
DA:121,0
DA:129,0
DA:133,0
DA:140,0
DA:141,0
DA:142,0
DA:143,0
DA:147,0
DA:150,0
DA:155,0
DA:166,0
DA:167,0
DA:179,0
DA:181,0
LF:39
LH:4
BRDA:142,0,0,0
BRDA:78,1,0,0
BRDA:78,1,1,0
BRDA:78,1,2,0
BRDA:80,2,0,0
BRDA:80,2,1,0
BRDA:82,3,0,0
BRDA:82,3,1,0
BRDA:110,4,0,0
BRDA:111,5,0,0
BRDA:111,5,1,0
BRDA:113,6,0,0
BRDA:113,6,1,0
BRDA:120,7,0,0
BRDA:150,8,0,0
BRDA:151,9,0,0
BRDA:151,9,1,0
BRDA:151,9,2,0
BRDA:166,10,0,0
BRF:19
BRH:0
end_of_record
TN:
SF:lib/react-native-gifted-chat/src/GiftedChat.tsx
FN:405,(anonymous_0)
FN:471,(anonymous_1)
FN:586,(anonymous_2)
FN:594,(anonymous_3)
FN:608,(anonymous_4)
FN:620,(anonymous_5)
FN:627,(anonymous_6)
FN:677,(anonymous_7)
FN:681,(anonymous_8)
FN:699,(anonymous_9)
FN:729,(anonymous_10)
FN:743,(anonymous_11)
FN:762,(anonymous_12)
FN:782,(anonymous_13)
FN:359,(anonymous_14)
FN:372,(anonymous_15)
FN:418,(anonymous_16)
FN:421,(anonymous_17)
FN:426,(anonymous_18)
FN:434,(anonymous_19)
FN:438,(anonymous_20)
FN:451,(anonymous_21)
FN:459,(anonymous_22)
FN:467,(anonymous_23)
FN:473,(anonymous_24)
FN:480,(anonymous_25)
FN:487,(anonymous_26)
FN:491,(anonymous_27)
FN:495,(anonymous_28)
FN:499,(anonymous_29)
FN:503,(anonymous_30)
FN:507,(anonymous_31)
FN:517,(anonymous_32)
FN:521,(anonymous_33)
FN:525,(anonymous_34)
FN:529,(anonymous_35)
FN:533,(anonymous_36)
FN:539,(anonymous_37)
FN:543,(anonymous_38)
FN:547,(anonymous_39)
FN:551,(anonymous_40)
FN:557,(anonymous_41)
FN:567,(anonymous_42)
FN:576,(anonymous_43)
FN:634,(anonymous_44)
FN:648,(anonymous_45)
FN:707,(anonymous_46)
FN:723,(anonymous_47)
FN:756,(anonymous_48)
FN:802,(anonymous_49)
FN:815,(anonymous_50)
FN:825,(anonymous_51)
FN:832,(anonymous_52)
FN:839,(anonymous_53)
FN:847,(anonymous_54)
FN:233,(anonymous_55)
FN:235,(anonymous_56)
FN:240,(anonymous_57)
FNF:58
FNH:0
FNDA:0,(anonymous_0)
FNDA:0,(anonymous_1)
FNDA:0,(anonymous_2)
FNDA:0,(anonymous_3)
FNDA:0,(anonymous_4)
FNDA:0,(anonymous_5)
FNDA:0,(anonymous_6)
FNDA:0,(anonymous_7)
FNDA:0,(anonymous_8)
FNDA:0,(anonymous_9)
FNDA:0,(anonymous_10)
FNDA:0,(anonymous_11)
FNDA:0,(anonymous_12)
FNDA:0,(anonymous_13)
FNDA:0,(anonymous_14)
FNDA:0,(anonymous_15)
FNDA:0,(anonymous_16)
FNDA:0,(anonymous_17)
FNDA:0,(anonymous_18)
FNDA:0,(anonymous_19)
FNDA:0,(anonymous_20)
FNDA:0,(anonymous_21)
FNDA:0,(anonymous_22)
FNDA:0,(anonymous_23)
FNDA:0,(anonymous_24)
FNDA:0,(anonymous_25)
FNDA:0,(anonymous_26)
FNDA:0,(anonymous_27)
FNDA:0,(anonymous_28)
FNDA:0,(anonymous_29)
FNDA:0,(anonymous_30)
FNDA:0,(anonymous_31)
FNDA:0,(anonymous_32)
FNDA:0,(anonymous_33)
FNDA:0,(anonymous_34)
FNDA:0,(anonymous_35)
FNDA:0,(anonymous_36)
FNDA:0,(anonymous_37)
FNDA:0,(anonymous_38)
FNDA:0,(anonymous_39)
FNDA:0,(anonymous_40)
FNDA:0,(anonymous_41)
FNDA:0,(anonymous_42)
FNDA:0,(anonymous_43)
FNDA:0,(anonymous_44)
FNDA:0,(anonymous_45)
FNDA:0,(anonymous_46)
FNDA:0,(anonymous_47)
FNDA:0,(anonymous_48)
FNDA:0,(anonymous_49)
FNDA:0,(anonymous_50)
FNDA:0,(anonymous_51)
FNDA:0,(anonymous_52)
FNDA:0,(anonymous_53)
FNDA:0,(anonymous_54)
FNDA:0,(anonymous_55)
FNDA:0,(anonymous_56)
FNDA:0,(anonymous_57)
DA:51,1
DA:222,1
DA:227,1
DA:233,0
DA:294,1
DA:364,0
DA:365,0
DA:367,0
DA:377,0
DA:378,0
DA:380,0
DA:385,0
DA:386,0
DA:387,0
DA:388,0
DA:389,0
DA:390,0
DA:391,0
DA:392,0
DA:393,0
DA:396,0
DA:406,0
DA:408,0
DA:419,0
DA:421,0
DA:427,0
DA:428,0
DA:429,0
DA:430,0
DA:431,0
DA:435,0
DA:439,0
DA:441,0
DA:442,0
DA:445,0
DA:451,0
DA:454,0
DA:455,0
DA:460,0
DA:461,0
DA:463,0
DA:468,0
DA:471,0
DA:475,0
DA:476,0
DA:481,0
DA:482,0
DA:484,0
DA:488,0
DA:492,0
DA:496,0
DA:500,0
DA:504,0
DA:508,0
DA:512,0
DA:514,0
DA:518,0
DA:522,0
DA:526,0
DA:530,0
DA:534,0
DA:540,0
DA:544,0
DA:548,0
DA:552,0
DA:558,0
DA:568,0
DA:579,0
DA:586,0
DA:587,0
DA:594,0
DA:595,0
DA:596,0
DA:597,0
DA:600,0
DA:601,0
DA:602,0
DA:608,0
DA:609,0
DA:610,0
DA:611,0
DA:612,0
DA:613,0
DA:614,0
DA:620,0
DA:621,0
DA:622,0
DA:624,0
DA:627,0
DA:628,0
DA:629,0
DA:631,0
DA:635,0
DA:636,0
DA:637,0
DA:638,0
DA:640,0
DA:649,0
DA:651,0
DA:670,0
DA:677,0
DA:678,0
DA:679,0
DA:681,0
DA:682,0
DA:690,0
DA:691,0
DA:692,0
DA:694,0
DA:695,0
DA:698,0
DA:699,0
DA:700,0
DA:701,0
DA:708,0
DA:709,0
DA:711,0
DA:712,0
DA:713,0
DA:716,0
DA:724,0
DA:725,0
DA:729,0
DA:730,0
DA:734,0
DA:737,0
DA:743,0
DA:744,0
DA:745,0
DA:747,0
DA:748,0
DA:751,0
DA:752,0
DA:757,0
DA:758,0
DA:762,0
DA:763,0
DA:764,0
DA:765,0
DA:767,0
DA:768,0
DA:769,0
DA:770,0
DA:773,0
DA:774,0
DA:782,0
DA:784,0
DA:785,0
DA:789,0
DA:790,0
DA:797,0
DA:798,0
DA:803,0
DA:815,0
DA:819,0
DA:820,0
DA:822,0
DA:826,0
DA:827,0
DA:829,0
DA:833,0
DA:834,0
DA:836,0
DA:840,0
DA:841,0
DA:842,0
DA:844,0
DA:847,0
DA:857,0
DA:865,1
LF:170
LH:5
BRDA:587,0,0,0
BRDA:587,0,1,0
BRDA:588,1,0,0
BRDA:588,1,1,0
BRDA:595,2,0,0
BRDA:598,3,0,0
BRDA:598,3,1,0
BRDA:609,4,0,0
BRDA:621,5,0,0
BRDA:628,6,0,0
BRDA:677,7,0,0
BRDA:677,8,0,0
BRDA:678,9,0,0
BRDA:686,10,0,0
BRDA:686,10,1,0
BRDA:690,11,0,0
BRDA:694,12,0,0
BRDA:698,13,0,0
BRDA:700,14,0,0
BRDA:744,15,0,0
BRDA:747,16,0,0
BRDA:751,17,0,0
BRDA:764,18,0,0
BRDA:773,19,0,0
BRDA:773,19,1,0
BRDA:785,20,0,0
BRDA:786,21,0,0
BRDA:786,21,1,0
BRDA:792,22,0,0
BRDA:792,22,1,0
BRDA:797,23,0,0
BRDA:360,24,0,0
BRDA:362,25,0,0
BRDA:364,26,0,0
BRDA:367,27,0,0
BRDA:367,27,1,0
BRDA:373,28,0,0
BRDA:375,29,0,0
BRDA:377,30,0,0
BRDA:380,31,0,0
BRDA:380,31,1,0
BRDA:421,32,0,0
BRDA:421,32,1,0
BRDA:430,33,0,0
BRDA:430,33,1,0
BRDA:438,34,0,0
BRDA:441,35,0,0
BRDA:442,36,0,0
BRDA:442,36,1,0
BRDA:445,37,0,0
BRDA:446,38,0,0
BRDA:446,38,1,0
BRDA:446,38,2,0
BRDA:446,38,3,0
BRDA:454,39,0,0
BRDA:460,40,0,0
BRDA:460,40,1,0
BRDA:463,41,0,0
BRDA:463,41,1,0
BRDA:475,42,0,0
BRDA:475,43,0,0
BRDA:475,43,1,0
BRDA:481,44,0,0
BRDA:508,45,0,0
BRDA:508,46,0,0
BRDA:508,46,1,0
BRDA:552,47,0,0
BRDA:552,47,1,0
BRDA:567,48,0,0
BRDA:577,49,0,0
BRDA:634,50,0,0
BRDA:635,51,0,0
BRDA:635,52,0,0
BRDA:635,52,1,0
BRDA:637,53,0,0
BRDA:637,53,1,0
BRDA:670,54,0,0
BRDA:670,54,1,0
BRDA:708,55,0,0
BRDA:724,56,0,0
BRDA:757,57,0,0
BRDA:816,58,0,0
BRDA:816,58,1,0
BRDA:819,59,0,0
BRDA:826,60,0,0
BRDA:833,61,0,0
BRDA:840,62,0,0
BRDA:842,63,0,0
BRDA:842,63,1,0
BRF:89
BRH:0
end_of_record
TN:
SF:lib/react-native-gifted-chat/src/InputToolbar.tsx
FN:49,(anonymous_0)
FN:102,(anonymous_1)
FN:110,(anonymous_2)
FN:82,(anonymous_3)
FN:93,(anonymous_4)
FN:118,(anonymous_5)
FN:128,(anonymous_6)
FN:135,(anonymous_7)
FN:143,(anonymous_8)
FN:154,(anonymous_9)
FN:61,(anonymous_10)
FNF:11
FNH:0
FNDA:0,(anonymous_0)
FNDA:0,(anonymous_1)
FNDA:0,(anonymous_2)
FNDA:0,(anonymous_3)
FNDA:0,(anonymous_4)
FNDA:0,(anonymous_5)
FNDA:0,(anonymous_6)
FNDA:0,(anonymous_7)
FNDA:0,(anonymous_8)
FNDA:0,(anonymous_9)
FNDA:0,(anonymous_10)
DA:18,1
DA:53,1
DA:64,1
DA:75,0
DA:79,0
DA:80,0
DA:83,0
DA:87,0
DA:94,0
DA:95,0
DA:97,0
DA:98,0
DA:102,0
DA:103,0
DA:104,0
DA:110,0
DA:111,0
DA:112,0
DA:119,0
DA:120,0
DA:121,0
DA:122,0
DA:123,0
DA:125,0
DA:129,0
DA:130,0
DA:132,0
DA:136,0
DA:137,0
DA:140,0
DA:144,0
DA:145,0
DA:151,0
DA:155,0
LF:34
LH:3
BRDA:103,0,0,0
BRDA:111,1,0,0
BRDA:94,2,0,0
BRDA:97,3,0,0
BRDA:120,4,0,0
BRDA:120,4,1,0
BRDA:122,5,0,0
BRDA:129,6,0,0
BRDA:136,7,0,0
BRDA:144,8,0,0
BRF:10
BRH:0
end_of_record
TN:
SF:lib/react-native-gifted-chat/src/LoadEarlier.tsx
FN:83,(anonymous_0)
FN:104,(anonymous_1)
FN:108,(anonymous_2)
FN:60,(anonymous_3)
FNF:4
FNH:0
FNDA:0,(anonymous_0)
FNDA:0,(anonymous_1)
FNDA:0,(anonymous_2)
FNDA:0,(anonymous_3)
DA:17,1
DA:59,1
DA:71,1
DA:84,0
DA:85,0
DA:91,0
DA:105,0
DA:109,0
DA:110,0
LF:9
LH:3
BRDA:84,0,0,0
BRDA:109,1,0,0
BRF:2
BRH:0
end_of_record
TN:
SF:lib/react-native-gifted-chat/src/Message.tsx
FN:92,(anonymous_0)
FN:119,(anonymous_1)
FN:130,(anonymous_2)
FN:139,(anonymous_3)
FN:148,(anonymous_4)
FN:174,(anonymous_5)
FNF:6
FNH:0
FNDA:0,(anonymous_0)
FNDA:0,(anonymous_1)
FNDA:0,(anonymous_2)
FNDA:0,(anonymous_3)
FNDA:0,(anonymous_4)
FNDA:0,(anonymous_5)
DA:13,1
DA:57,1
DA:73,1
DA:93,0
DA:94,0
DA:95,0
DA:96,0
DA:97,0
DA:100,0
DA:104,0
DA:120,0
DA:121,0
DA:122,0
DA:123,0
DA:125,0
DA:127,0
DA:131,0
DA:132,0
DA:133,0
DA:136,0
DA:140,0
DA:142,0
DA:143,0
DA:145,0
DA:149,0
DA:151,0
DA:159,0
DA:162,0
DA:167,0
DA:170,0
DA:171,0
DA:175,0
DA:176,0
DA:177,0
DA:178,0
DA:200,0
LF:36
LH:3
BRDA:100,0,0,0
BRDA:100,0,1,0
BRDA:100,0,2,0
BRDA:105,1,0,0
BRDA:105,1,1,0
BRDA:105,1,2,0
BRDA:105,1,3,0
BRDA:105,1,4,0
BRDA:105,1,5,0
BRDA:105,1,6,0
BRDA:105,1,7,0
BRDA:105,1,8,0
BRDA:105,1,9,0
BRDA:105,1,10,0
BRDA:120,2,0,0
BRDA:120,3,0,0
BRDA:120,3,1,0
BRDA:122,4,0,0
BRDA:132,5,0,0
BRDA:142,6,0,0
BRDA:151,7,0,0
BRDA:152,8,0,0
BRDA:152,8,1,0
BRDA:152,8,2,0
BRDA:152,8,3,0
BRDA:152,8,4,0
BRDA:152,8,5,0
BRDA:162,9,0,0
BRDA:163,10,0,0
BRDA:163,10,1,0
BRDA:163,10,2,0
BRDA:176,11,0,0
BRDA:181,12,0,0
BRDA:181,12,1,0
BRDA:187,13,0,0
BRDA:187,13,1,0
BRDA:188,14,0,0
BRDA:188,14,1,0
BRDA:189,15,0,0
BRDA:189,15,1,0
BRDA:192,16,0,0
BRDA:192,16,1,0
BRDA:194,17,0,0
BRDA:194,17,1,0
BRF:44
BRH:0
end_of_record
TN:
SF:lib/react-native-gifted-chat/src/MessageAudio.tsx
FN:5,(anonymous_0)
FNF:1
FNH:0
FNDA:0,(anonymous_0)
DA:6,0
LF:1
LH:0
BRF:0
BRH:0
end_of_record
TN:
SF:lib/react-native-gifted-chat/src/MessageContainer.tsx
FN:97,(anonymous_0)
FN:176,(anonymous_1)
FN:192,(anonymous_2)
FN:212,(anonymous_3)
FN:219,(anonymous_4)
FN:227,(anonymous_5)
FN:246,(anonymous_6)
FN:255,(anonymous_7)
FN:282,(anonymous_8)
FN:321,(anonymous_9)
FN:334,(anonymous_10)
FN:362,(anonymous_11)
FN:369,(anonymous_12)
FN:375,(anonymous_13)
FN:395,(anonymous_14)
FN:148,(anonymous_15)
FN:154,(anonymous_16)
FN:158,(anonymous_17)
FN:240,(anonymous_18)
FN:338,(anonymous_19)
FN:348,(anonymous_20)
FN:353,(anonymous_21)
FN:397,(anonymous_22)
FN:107,(anonymous_23)
FN:108,(anonymous_24)
FNF:25
FNH:0
FNDA:0,(anonymous_0)
FNDA:0,(anonymous_1)
FNDA:0,(anonymous_2)
FNDA:0,(anonymous_3)
FNDA:0,(anonymous_4)
FNDA:0,(anonymous_5)
FNDA:0,(anonymous_6)
FNDA:0,(anonymous_7)
FNDA:0,(anonymous_8)
FNDA:0,(anonymous_9)
FNDA:0,(anonymous_10)
FNDA:0,(anonymous_11)
FNDA:0,(anonymous_12)
FNDA:0,(anonymous_13)
FNDA:0,(anonymous_14)
FNDA:0,(anonymous_15)
FNDA:0,(anonymous_16)
FNDA:0,(anonymous_17)
FNDA:0,(anonymous_18)
FNDA:0,(anonymous_19)
FNDA:0,(anonymous_20)
FNDA:0,(anonymous_21)
FNDA:0,(anonymous_22)
FNDA:0,(anonymous_23)
FNDA:0,(anonymous_24)
DA:27,1
DA:100,1
DA:122,1
DA:144,0
DA:149,0
DA:150,0
DA:155,0
DA:159,0
DA:165,0
DA:166,0
DA:172,0
DA:176,0
DA:177,0
DA:178,0
DA:179,0
DA:183,0
DA:184,0
DA:188,0
DA:192,0
DA:193,0
DA:194,0
DA:198,0
DA:202,0
DA:206,0
DA:212,0
DA:213,0
DA:214,0
DA:216,0
DA:219,0
DA:220,0
DA:221,0
DA:224,0
DA:227,0
DA:228,0
DA:229,0
DA:232,0
DA:233,0
DA:235,0
DA:237,0
DA:241,0
DA:242,0
DA:246,0
DA:247,0
DA:248,0
DA:249,0
DA:250,0
DA:251,0
DA:255,0
DA:262,0
DA:263,0
DA:264,0
DA:265,0
DA:266,0
DA:268,0
DA:271,0
DA:275,0
DA:277,0
DA:282,0
DA:283,0
DA:284,0
DA:286,0
DA:287,0
DA:288,0
DA:293,0
DA:295,0
DA:296,0
DA:298,0
DA:300,0
DA:302,0
DA:313,0
DA:314,0
DA:316,0
DA:318,0
DA:321,0
DA:322,0
DA:323,0
DA:331,0
DA:334,0
DA:335,0
DA:339,0
DA:341,0
DA:342,0
DA:345,0
DA:349,0
DA:350,0
DA:353,0
DA:362,0
DA:363,0
DA:368,0
DA:369,0
DA:375,0
DA:381,0
DA:382,0
DA:391,0
DA:395,0
DA:398,0
DA:399,0
LF:97
LH:3
BRDA:178,0,0,0
BRDA:213,1,0,0
BRDA:216,2,0,0
BRDA:216,2,1,0
BRDA:220,3,0,0
BRDA:228,4,0,0
BRDA:232,5,0,0
BRDA:246,6,0,0
BRDA:248,7,0,0
BRDA:248,7,1,0
BRDA:250,8,0,0
BRDA:250,9,0,0
BRDA:250,9,1,0
BRDA:264,10,0,0
BRDA:264,10,1,0
BRDA:265,11,0,0
BRDA:265,11,1,0
BRDA:271,12,0,0
BRDA:271,12,1,0
BRDA:272,13,0,0
BRDA:272,13,1,0
BRDA:283,14,0,0
BRDA:283,15,0,0
BRDA:283,15,1,0
BRDA:286,16,0,0
BRDA:287,17,0,0
BRDA:296,18,0,0
BRDA:296,19,0,0
BRDA:296,19,1,0
BRDA:298,20,0,0
BRDA:298,20,1,0
BRDA:298,21,0,0
BRDA:298,21,1,0
BRDA:300,22,0,0
BRDA:300,22,1,0
BRDA:300,23,0,0
BRDA:300,23,1,0
BRDA:310,24,0,0
BRDA:310,24,1,0
BRDA:313,25,0,0
BRDA:322,26,0,0
BRDA:323,27,0,0
BRDA:323,27,1,0
BRDA:363,28,0,0
BRDA:364,29,0,0
BRDA:364,29,1,0
BRDA:364,29,2,0
BRDA:369,30,0,0
BRDA:369,30,1,0
BRDA:382,31,0,0
BRDA:383,32,0,0
BRDA:383,32,1,0
BRDA:383,32,2,0
BRDA:383,32,3,0
BRDA:383,32,4,0
BRDA:383,32,5,0
BRDA:383,32,6,0
BRDA:149,33,0,0
BRDA:149,34,0,0
BRDA:149,34,1,0
BRDA:159,35,0,0
BRDA:159,35,1,0
BRDA:160,36,0,0
BRDA:160,36,1,0
BRDA:160,36,2,0
BRDA:160,36,3,0
BRDA:166,37,0,0
BRDA:167,38,0,0
BRDA:167,38,1,0
BRDA:167,38,2,0
BRDA:167,38,3,0
BRDA:241,39,0,0
BRDA:241,40,0,0
BRDA:241,40,1,0
BRDA:241,40,2,0
BRDA:341,41,0,0
BRDA:349,42,0,0
BRDA:349,42,1,0
BRDA:402,43,0,0
BRDA:402,43,1,0
BRDA:405,44,0,0
BRDA:405,44,1,0
BRDA:405,45,0,0
BRDA:405,45,1,0
BRDA:422,46,0,0
BRDA:422,46,1,0
BRDA:425,47,0,0
BRDA:425,47,1,0
BRF:88
BRH:0
end_of_record
TN:
SF:lib/react-native-gifted-chat/src/MessageImage.tsx
FN:61,(anonymous_0)
FNF:1
FNH:0
FNDA:0,(anonymous_0)
DA:18,1
DA:44,1
DA:54,1
DA:68,0
DA:69,0
DA:70,0
DA:87,0
LF:7
LH:3
BRDA:69,0,0,0
BRF:1
BRH:0
end_of_record
TN:
SF:lib/react-native-gifted-chat/src/MessageText.tsx
FN:69,(anonymous_0)
FN:119,(anonymous_1)
FN:125,(anonymous_2)
FN:135,(anonymous_3)
FN:147,(anonymous_4)
FN:162,(anonymous_5)
FN:111,(anonymous_6)
FN:165,(anonymous_7)
FN:87,(anonymous_8)
FNF:9
FNH:0
FNDA:0,(anonymous_0)
FNDA:0,(anonymous_1)
FNDA:0,(anonymous_2)
FNDA:0,(anonymous_3)
FNDA:0,(anonymous_4)
FNDA:0,(anonymous_5)
FNDA:0,(anonymous_6)
FNDA:0,(anonymous_7)
FNDA:0,(anonymous_8)
DA:19,1
DA:21,1
DA:30,1
DA:55,1
DA:72,1
DA:76,1
DA:87,0
DA:90,1
DA:112,0
DA:119,0
DA:122,0
DA:123,0
DA:125,0
DA:126,0
DA:127,0
DA:129,0
DA:135,0
DA:136,0
DA:138,0
DA:141,0
DA:142,0
DA:148,0
DA:150,0
DA:151,0
DA:153,0
DA:154,0
DA:156,0
DA:162,0
DA:163,0
DA:166,0
DA:170,0
LF:31
LH:7
BRDA:122,0,0,0
BRDA:122,0,1,0
BRDA:126,1,0,0
BRDA:126,1,1,0
BRDA:138,2,0,0
BRDA:138,2,1,0
BRDA:138,3,0,0
BRDA:138,3,1,0
BRDA:148,4,0,0
BRDA:148,4,1,0
BRDA:148,4,2,0
BRDA:113,5,0,0
BRDA:113,5,1,0
BRDA:113,5,2,0
BRDA:168,6,0,0
BRDA:168,6,1,0
BRDA:174,7,0,0
BRDA:174,7,1,0
BRDA:181,8,0,0
BRDA:181,8,1,0
BRF:20
BRH:0
end_of_record
TN:
SF:lib/react-native-gifted-chat/src/MessageVideo.tsx
FN:5,(anonymous_0)
FNF:1
FNH:0
FNDA:0,(anonymous_0)
DA:6,0
LF:1
LH:0
BRF:0
BRH:0
end_of_record
TN:
SF:lib/react-native-gifted-chat/src/QuickReplies.tsx
FN:59,(anonymous_0)
FN:59,(anonymous_1)
FN:62,(anonymous_2)
FN:62,(anonymous_3)
FN:65,(anonymous_4)
FN:95,(anonymous_5)
FN:95,(anonymous_6)
FN:125,(anonymous_7)
FN:125,(anonymous_8)
FN:129,(anonymous_9)
FN:137,(anonymous_10)
FN:152,(anonymous_11)
FN:170,(anonymous_12)
FN:183,(anonymous_13)
FN:73,(anonymous_14)
FNF:15
FNH:0
FNDA:0,(anonymous_0)
FNDA:0,(anonymous_1)
FNDA:0,(anonymous_2)
FNDA:0,(anonymous_3)
FNDA:0,(anonymous_4)
FNDA:0,(anonymous_5)
FNDA:0,(anonymous_6)
FNDA:0,(anonymous_7)
FNDA:0,(anonymous_8)
FNDA:0,(anonymous_9)
FNDA:0,(anonymous_10)
FNDA:0,(anonymous_11)
FNDA:0,(anonymous_12)
FNDA:0,(anonymous_13)
FNDA:0,(anonymous_14)
DA:15,1
DA:59,1
DA:60,0
DA:62,1
DA:63,0
DA:69,1
DA:81,1
DA:91,0
DA:95,0
DA:96,0
DA:97,0
DA:98,0
DA:99,0
DA:100,0
DA:102,0
DA:103,0
DA:107,0
DA:108,0
DA:112,0
DA:114,0
DA:118,0
DA:119,0
DA:125,0
DA:126,0
DA:127,0
DA:128,0
DA:129,0
DA:137,0
DA:138,0
DA:139,0
DA:140,0
DA:141,0
DA:143,0
DA:144,0
DA:146,0
DA:147,0
DA:149,0
DA:152,0
DA:153,0
DA:154,0
DA:156,0
DA:171,0
DA:172,0
DA:174,0
DA:175,0
DA:178,0
DA:180,0
DA:185,0
DA:186,0
LF:49
LH:5
BRDA:98,0,0,0
BRDA:100,1,0,0
BRDA:100,1,1,0
BRDA:100,1,2,0
BRDA:107,2,0,0
BRDA:107,2,1,0
BRDA:127,3,0,0
BRDA:139,4,0,0
BRDA:139,4,1,0
BRDA:140,5,0,0
BRDA:140,5,1,0
BRDA:143,6,0,0
BRDA:143,7,0,0
BRDA:143,7,1,0
BRDA:146,8,0,0
BRDA:146,9,0,0
BRDA:146,9,1,0
BRDA:146,9,2,0
BRDA:161,10,0,0
BRDA:161,10,1,0
BRDA:174,11,0,0
BRDA:185,12,0,0
BRDA:185,12,1,0
BRDA:193,13,0,0
BRDA:193,13,1,0
BRDA:202,14,0,0
BRDA:202,14,1,0
BRDA:211,15,0,0
BRDA:211,15,1,0
BRF:29
BRH:0
end_of_record
TN:
SF:lib/react-native-gifted-chat/src/Send.tsx
FN:48,(anonymous_0)
FN:75,(anonymous_1)
FN:82,(anonymous_2)
FN:53,(anonymous_3)
FNF:4
FNH:0
FNDA:0,(anonymous_0)
FNDA:0,(anonymous_1)
FNDA:0,(anonymous_2)
FNDA:0,(anonymous_3)
DA:17,1
DA:51,1
DA:63,1
DA:75,0
DA:76,0
DA:77,0
DA:78,0
DA:92,0
DA:93,0
DA:94,0
DA:111,0
LF:11
LH:3
BRDA:77,0,0,0
BRDA:77,1,0,0
BRDA:77,1,1,0
BRDA:93,2,0,0
BRDA:93,3,0,0
BRDA:93,3,1,0
BRDA:93,3,2,0
BRDA:106,4,0,0
BRDA:106,4,1,0
BRF:9
BRH:0
end_of_record
TN:
SF:lib/react-native-gifted-chat/src/SystemMessage.tsx
FN:57,(anonymous_0)
FNF:1
FNH:0
FNDA:0,(anonymous_0)
DA:15,1
DA:41,1
DA:50,1
DA:63,0
DA:64,0
DA:65,0
DA:73,0
LF:7
LH:3
BRDA:64,0,0,0
BRF:1
BRH:0
end_of_record
TN:
SF:lib/react-native-gifted-chat/src/Time.tsx
FN:83,(anonymous_0)
FNF:1
FNH:0
FNDA:0,(anonymous_0)
DA:11,1
DA:17,1
DA:23,1
DA:55,1
DA:59,1
DA:69,1
DA:90,0
DA:92,0
DA:93,0
DA:115,0
LF:10
LH:6
BRDA:92,0,0,0
BRDA:97,1,0,0
BRDA:97,1,1,0
BRDA:104,2,0,0
BRDA:104,2,1,0
BRF:5
BRH:0
end_of_record
TN:
SF:lib/react-native-gifted-chat/src/TypingIndicator.tsx
FN:11,(anonymous_0)
FN:13,(anonymous_1)
FN:22,(anonymous_2)
FN:31,(anonymous_3)
FN:51,(anonymous_4)
FNF:5
FNH:0
FNDA:0,(anonymous_0)
FNDA:0,(anonymous_1)
FNDA:0,(anonymous_2)
FNDA:0,(anonymous_3)
FNDA:0,(anonymous_4)
DA:11,1
DA:12,0
DA:13,0
DA:22,0
DA:23,0
DA:24,0
DA:26,0
DA:31,0
DA:32,0
DA:51,0
DA:52,0
DA:69,0
DA:96,1
LF:13
LH:2
BRDA:23,0,0,0
BRDA:23,0,1,0
BRDA:84,1,0,0
BRDA:84,1,1,0
BRF:4
BRH:0
end_of_record
TN:
SF:lib/react-native-gifted-chat/src/utils.ts
FN:13,isSameDay
FN:31,isSameUser
FN:43,(anonymous_2)
FN:47,(anonymous_3)
FN:50,(anonymous_4)
FNF:5
FNH:0
FNDA:0,isSameDay
FNDA:0,isSameUser
FNDA:0,(anonymous_2)
FNDA:0,(anonymous_3)
FNDA:0,(anonymous_4)
DA:6,1
DA:17,0
DA:18,0
DA:21,0
DA:22,0
DA:24,0
DA:25,0
DA:28,0
DA:35,0
DA:43,1
DA:45,1
DA:47,1
DA:48,0
DA:50,1
DA:51,0
LF:15
LH:5
BRDA:17,0,0,0
BRDA:17,1,0,0
BRDA:17,1,1,0
BRDA:24,2,0,0
BRDA:24,3,0,0
BRDA:24,3,1,0
BRDA:36,4,0,0
BRDA:36,4,1,0
BRDA:36,4,2,0
BRDA:36,4,3,0
BRF:10
BRH:0
end_of_record
TN:
SF:lib/react-native-gifted-chat/src/hooks/useUpdateLayoutEffect.ts
FN:9,useUpdateLayoutEffect
FN:15,(anonymous_1)
FNF:2
FNH:0
FNDA:0,useUpdateLayoutEffect
FNDA:0,(anonymous_1)
DA:13,0
DA:15,0
DA:16,0
DA:17,0
DA:19,0
LF:5
LH:0
BRDA:11,0,0,0
BRDA:16,1,0,0
BRDA:16,1,1,0
BRF:3
BRH:0
end_of_record
TN:
SF:src/Login.tsx
FN:26,(anonymous_0)
FN:28,(anonymous_1)
FN:50,(anonymous_2)
FN:53,(anonymous_3)
FN:54,(anonymous_4)
FN:66,(anonymous_5)
FN:67,(anonymous_6)
FNF:7
FNH:5
FNDA:8,(anonymous_0)
FNDA:0,(anonymous_1)
FNDA:1,(anonymous_2)
FNDA:2,(anonymous_3)
FNDA:0,(anonymous_4)
FNDA:8,(anonymous_5)
FNDA:8,(anonymous_6)
DA:26,1
DA:27,8
DA:28,0
DA:50,1
DA:52,1
DA:53,2
DA:54,1
DA:55,0
DA:56,0
DA:58,1
DA:66,8
DA:67,8
LF:12
LH:9
BRF:0
BRH:0
end_of_record
TN:
SF:src/chat.tsx
FN:11,(anonymous_0)
FN:15,(anonymous_1)
FN:22,(anonymous_2)
FN:26,(anonymous_3)
FN:28,(anonymous_4)
FN:34,(anonymous_5)
FN:38,(anonymous_6)
FN:41,(anonymous_7)
FN:44,(anonymous_8)
FN:69,(anonymous_9)
FNF:10
FNH:0
FNDA:0,(anonymous_0)
FNDA:0,(anonymous_1)
FNDA:0,(anonymous_2)
FNDA:0,(anonymous_3)
FNDA:0,(anonymous_4)
FNDA:0,(anonymous_5)
FNDA:0,(anonymous_6)
FNDA:0,(anonymous_7)
FNDA:0,(anonymous_8)
FNDA:0,(anonymous_9)
DA:11,1
DA:12,0
DA:13,0
DA:14,0
DA:15,0
DA:22,0
DA:23,0
DA:24,0
DA:25,0
DA:26,0
DA:27,0
DA:28,0
DA:29,0
DA:34,0
DA:35,0
DA:38,0
DA:39,0
DA:40,0
DA:41,0
DA:44,0
DA:45,0
DA:48,0
DA:69,0
DA:77,1
LF:24
LH:2
BRDA:27,0,0,0
BRDA:27,0,1,0
BRDA:27,1,0,0
BRDA:27,1,1,0
BRDA:38,2,0,0
BRF:5
BRH:0
end_of_record
TN:
SF:src/home.tsx
FN:29,(anonymous_0)
FN:30,(anonymous_1)
FN:37,(anonymous_2)
FN:45,(anonymous_3)
FN:47,(anonymous_4)
FN:54,(anonymous_5)
FN:55,(anonymous_6)
FN:67,(anonymous_7)
FN:68,(anonymous_8)
FN:73,(anonymous_9)
FN:74,(anonymous_10)
FN:82,(anonymous_11)
FN:86,(anonymous_12)
FN:87,(anonymous_13)
FN:88,(anonymous_14)
FN:91,(anonymous_15)
FNF:16
FNH:0
FNDA:0,(anonymous_0)
FNDA:0,(anonymous_1)
FNDA:0,(anonymous_2)
FNDA:0,(anonymous_3)
FNDA:0,(anonymous_4)
FNDA:0,(anonymous_5)
FNDA:0,(anonymous_6)
FNDA:0,(anonymous_7)
FNDA:0,(anonymous_8)
FNDA:0,(anonymous_9)
FNDA:0,(anonymous_10)
FNDA:0,(anonymous_11)
FNDA:0,(anonymous_12)
FNDA:0,(anonymous_13)
FNDA:0,(anonymous_14)
FNDA:0,(anonymous_15)
DA:29,1
DA:30,0
DA:31,0
DA:32,0
DA:33,0
DA:34,0
DA:36,0
DA:37,0
DA:45,1
DA:46,0
DA:47,0
DA:48,0
DA:49,0
DA:50,0
DA:53,0
DA:54,0
DA:55,0
DA:56,0
DA:57,0
DA:58,0
DA:59,0
DA:62,0
DA:67,1
DA:68,0
DA:69,0
DA:70,0
DA:71,0
DA:73,0
DA:74,0
DA:75,0
DA:78,0
DA:83,0
DA:86,0
DA:87,0
DA:88,0
DA:91,0
LF:36
LH:3
BRDA:32,0,0,0
BRDA:32,0,1,0
BRDA:48,1,0,0
BRDA:48,1,1,0
BRDA:55,2,0,0
BRDA:55,2,1,0
BRDA:56,3,0,0
BRDA:56,3,1,0
BRDA:56,4,0,0
BRDA:56,4,1,0
BRDA:74,5,0,0
BRDA:74,5,1,0
BRDA:86,6,0,0
BRDA:86,6,1,0
BRF:14
BRH:0
end_of_record
TN:
SF:src/searchUser.tsx
FN:24,(anonymous_0)
FN:26,(anonymous_1)
FN:33,(anonymous_2)
FN:34,(anonymous_3)
FN:35,(anonymous_4)
FN:38,(anonymous_5)
FN:44,(anonymous_6)
FN:45,(anonymous_7)
FNF:8
FNH:0
FNDA:0,(anonymous_0)
FNDA:0,(anonymous_1)
FNDA:0,(anonymous_2)
FNDA:0,(anonymous_3)
FNDA:0,(anonymous_4)
FNDA:0,(anonymous_5)
FNDA:0,(anonymous_6)
FNDA:0,(anonymous_7)
DA:24,1
DA:25,0
DA:26,0
DA:33,1
DA:34,0
DA:35,0
DA:36,0
DA:38,0
DA:39,0
DA:44,0
DA:45,0
LF:11
LH:2
BRF:0
BRH:0
end_of_record
TN:
SF:src/component/molecules/userListCardDetails/userCard.tsx
FN:10,(anonymous_0)
FNF:1
FNH:0
FNDA:0,(anonymous_0)
DA:10,1
DA:11,0
LF:2
LH:1
BRF:0
BRH:0
end_of_record
TN:
SF:src/component/molecules/userListCardDetails/userListCardDetails.tsx
FN:11,(anonymous_0)
FNF:1
FNH:0
FNDA:0,(anonymous_0)
DA:11,1
DA:12,0
LF:2
LH:1
BRF:0
BRH:0
end_of_record
TN:
SF:src/component/molecules/userListCardDetails/userListCardDetailsStyle.tsx
FNF:0
FNH:0
DA:4,1
LF:1
LH:1
BRF:0
BRH:0
end_of_record
TN:
SF:src/redux/reducers/index.tsx
FN:11,(anonymous_0)
FN:11,(anonymous_1)
FNF:2
FNH:0
FNDA:0,(anonymous_0)
FNDA:0,(anonymous_1)
DA:5,1
DA:11,1
DA:12,0
DA:13,0
DA:14,0
DA:15,0
DA:16,0
LF:7
LH:2
BRF:0
BRH:0
end_of_record
TN:
SF:src/redux/slices/chatslice.tsx
FN:13,(anonymous_0)
FN:27,(anonymous_1)
FN:30,(anonymous_2)
FN:33,(anonymous_3)
FN:36,(anonymous_4)
FN:42,(anonymous_5)
FN:47,(anonymous_6)
FN:58,(anonymous_7)
FN:70,(anonymous_8)
FN:73,(anonymous_9)
FNF:10
FNH:1
FNDA:8,(anonymous_0)
FNDA:0,(anonymous_1)
FNDA:0,(anonymous_2)
FNDA:0,(anonymous_3)
FNDA:0,(anonymous_4)
FNDA:0,(anonymous_5)
FNDA:0,(anonymous_6)
FNDA:0,(anonymous_7)
FNDA:0,(anonymous_8)
FNDA:0,(anonymous_9)
DA:4,1
DA:5,1
DA:13,8
DA:23,1
DA:28,0
DA:31,0
DA:34,0
DA:37,0
DA:38,0
DA:39,0
DA:48,0
DA:50,0
DA:52,0
DA:53,0
DA:55,0
DA:58,0
DA:59,0
DA:60,0
DA:61,0
DA:71,0
DA:73,0
DA:77,1
DA:87,1
LF:23
LH:6
BRDA:31,0,0,0
BRDA:31,0,1,0
BRDA:37,1,0,0
BRDA:37,1,1,0
BRDA:48,2,0,0
BRDA:48,2,1,0
BRDA:53,3,0,0
BRDA:53,3,1,0
BRDA:59,4,0,0
BRDA:59,4,1,0
BRF:10
BRH:0
end_of_record
TN:
SF:src/redux/store/index.tsx
FNF:0
FNH:0
DA:15,1
DA:20,1
DA:32,1
DA:39,1
LF:4
LH:4
BRF:0
BRH:0
end_of_record
TN:
SF:src/utilis/color.tsx
FNF:0
FNH:0
DA:3,1
LF:1
LH:1
BRF:0
BRH:0
end_of_record
